2025-01-17 15:41:29,011 [ERROR] LogOutputStream:75 - [STDERR_REDIRECT] Exception in thread "AWT-EventQueue-0" java.awt.IllegalComponentStateException: component must be showing on the screen to determine its location
2025-01-17 15:41:29,014 [ERROR] LogOutputStream:75 - [STDERR_REDIRECT] 	at java.desktop/java.awt.Component.getLocationOnScreen_NoTreeLock(Component.java:2113)
2025-01-17 15:41:29,015 [ERROR] LogOutputStream:75 - [STDERR_REDIRECT] 	at java.desktop/java.awt.Component.getLocationOnScreen(Component.java:2087)
2025-01-17 15:41:29,015 [ERROR] LogOutputStream:75 - [STDERR_REDIRECT] 	at java.desktop/javax.swing.JPopupMenu.show(JPopupMenu.java:960)
2025-01-17 15:41:29,016 [ERROR] LogOutputStream:75 - [STDERR_REDIRECT] 	at java.desktop/javax.swing.plaf.basic.BasicComboPopup.show(BasicComboPopup.java:235)
2025-01-17 15:41:29,016 [ERROR] LogOutputStream:75 - [STDERR_REDIRECT] 	at java.desktop/javax.swing.plaf.basic.BasicComboPopup.togglePopup(BasicComboPopup.java:1257)
2025-01-17 15:41:29,016 [ERROR] LogOutputStream:75 - [STDERR_REDIRECT] 	at java.desktop/javax.swing.plaf.basic.BasicComboPopup$Handler.mousePressed(BasicComboPopup.java:936)
2025-01-17 15:41:29,017 [ERROR] LogOutputStream:75 - [STDERR_REDIRECT] 	at java.desktop/java.awt.Component.processMouseEvent(Component.java:6623)
2025-01-17 15:41:29,017 [ERROR] LogOutputStream:75 - [STDERR_REDIRECT] 	at java.desktop/javax.swing.JComponent.processMouseEvent(JComponent.java:3389)
2025-01-17 15:41:29,018 [ERROR] LogOutputStream:75 - [STDERR_REDIRECT] 	at java.desktop/java.awt.Component.processEvent(Component.java:6391)
2025-01-17 15:41:29,018 [ERROR] LogOutputStream:75 - [STDERR_REDIRECT] 	at java.desktop/java.awt.Container.processEvent(Container.java:2266)
2025-01-17 15:41:29,018 [ERROR] LogOutputStream:75 - [STDERR_REDIRECT] 	at java.desktop/java.awt.Component.dispatchEventImpl(Component.java:5001)
2025-01-17 15:41:29,019 [ERROR] LogOutputStream:75 - [STDERR_REDIRECT] 	at java.desktop/java.awt.Container.dispatchEventImpl(Container.java:2324)
2025-01-17 15:41:29,019 [ERROR] LogOutputStream:75 - [STDERR_REDIRECT] 	at java.desktop/java.awt.Component.dispatchEvent(Component.java:4833)
2025-01-17 15:41:29,020 [ERROR] LogOutputStream:75 - [STDERR_REDIRECT] 	at java.desktop/javax.swing.plaf.basic.BasicTableUI$Handler.repostEvent(BasicTableUI.java:987)
2025-01-17 15:41:29,020 [ERROR] LogOutputStream:75 - [STDERR_REDIRECT] 	at java.desktop/javax.swing.plaf.basic.BasicTableUI$Handler.adjustSelection(BasicTableUI.java:1149)
2025-01-17 15:41:29,021 [ERROR] LogOutputStream:75 - [STDERR_REDIRECT] 	at java.desktop/javax.swing.plaf.basic.BasicTableUI$Handler.mousePressed(BasicTableUI.java:1077)
2025-01-17 15:41:29,021 [ERROR] LogOutputStream:75 - [STDERR_REDIRECT] 	at java.desktop/java.awt.AWTEventMulticaster.mousePressed(AWTEventMulticaster.java:288)
2025-01-17 15:41:29,021 [ERROR] LogOutputStream:75 - [STDERR_REDIRECT] 	at java.desktop/java.awt.AWTEventMulticaster.mousePressed(AWTEventMulticaster.java:287)
2025-01-17 15:41:29,022 [ERROR] LogOutputStream:75 - [STDERR_REDIRECT] 	at java.desktop/java.awt.AWTEventMulticaster.mousePressed(AWTEventMulticaster.java:287)
2025-01-17 15:41:29,022 [ERROR] LogOutputStream:75 - [STDERR_REDIRECT] 	at java.desktop/java.awt.AWTEventMulticaster.mousePressed(AWTEventMulticaster.java:287)
2025-01-17 15:41:29,023 [ERROR] LogOutputStream:75 - [STDERR_REDIRECT] 	at java.desktop/java.awt.Component.processMouseEvent(Component.java:6623)
2025-01-17 15:41:29,023 [ERROR] LogOutputStream:75 - [STDERR_REDIRECT] 	at java.desktop/javax.swing.JComponent.processMouseEvent(JComponent.java:3389)
2025-01-17 15:41:29,023 [ERROR] LogOutputStream:75 - [STDERR_REDIRECT] 	at java.desktop/java.awt.Component.processEvent(Component.java:6391)
2025-01-17 15:41:29,024 [ERROR] LogOutputStream:75 - [STDERR_REDIRECT] 	at java.desktop/java.awt.Container.processEvent(Container.java:2266)
2025-01-17 15:41:29,026 [ERROR] LogOutputStream:75 - [STDERR_REDIRECT] 	at java.desktop/java.awt.Component.dispatchEventImpl(Component.java:5001)
2025-01-17 15:41:29,029 [ERROR] LogOutputStream:75 - [STDERR_REDIRECT] 	at java.desktop/java.awt.Container.dispatchEventImpl(Container.java:2324)
2025-01-17 15:41:29,029 [ERROR] LogOutputStream:75 - [STDERR_REDIRECT] 	at java.desktop/java.awt.Component.dispatchEvent(Component.java:4833)
2025-01-17 15:41:29,030 [ERROR] LogOutputStream:75 - [STDERR_REDIRECT] 	at java.desktop/java.awt.LightweightDispatcher.retargetMouseEvent(Container.java:4948)
2025-01-17 15:41:29,030 [ERROR] LogOutputStream:75 - [STDERR_REDIRECT] 	at java.desktop/java.awt.LightweightDispatcher.processMouseEvent(Container.java:4572)
2025-01-17 15:41:29,030 [ERROR] LogOutputStream:75 - [STDERR_REDIRECT] 	at java.desktop/java.awt.LightweightDispatcher.dispatchEvent(Container.java:4516)
2025-01-17 15:41:29,031 [ERROR] LogOutputStream:75 - [STDERR_REDIRECT] 	at java.desktop/java.awt.Container.dispatchEventImpl(Container.java:2310)
2025-01-17 15:41:29,031 [ERROR] LogOutputStream:75 - [STDERR_REDIRECT] 	at java.desktop/java.awt.Component.dispatchEvent(Component.java:4833)
2025-01-17 15:41:29,032 [ERROR] LogOutputStream:75 - [STDERR_REDIRECT] 	at java.desktop/java.awt.EventQueue.dispatchEventImpl(EventQueue.java:775)
2025-01-17 15:41:29,032 [ERROR] LogOutputStream:75 - [STDERR_REDIRECT] 	at java.desktop/java.awt.EventQueue$4.run(EventQueue.java:720)
2025-01-17 15:41:29,032 [ERROR] LogOutputStream:75 - [STDERR_REDIRECT] 	at java.desktop/java.awt.EventQueue$4.run(EventQueue.java:714)
2025-01-17 15:41:29,033 [ERROR] LogOutputStream:75 - [STDERR_REDIRECT] 	at java.base/java.security.AccessController.doPrivileged(AccessController.java:399)
2025-01-17 15:41:29,033 [ERROR] LogOutputStream:75 - [STDERR_REDIRECT] 	at java.base/java.security.ProtectionDomain$JavaSecurityAccessImpl.doIntersectionPrivilege(ProtectionDomain.java:86)
2025-01-17 15:41:29,034 [ERROR] LogOutputStream:75 - [STDERR_REDIRECT] 	at java.base/java.security.ProtectionDomain$JavaSecurityAccessImpl.doIntersectionPrivilege(ProtectionDomain.java:97)
2025-01-17 15:41:29,034 [ERROR] LogOutputStream:75 - [STDERR_REDIRECT] 	at java.desktop/java.awt.EventQueue$5.run(EventQueue.java:747)
2025-01-17 15:41:29,034 [ERROR] LogOutputStream:75 - [STDERR_REDIRECT] 	at java.desktop/java.awt.EventQueue$5.run(EventQueue.java:745)
2025-01-17 15:41:29,035 [ERROR] LogOutputStream:75 - [STDERR_REDIRECT] 	at java.base/java.security.AccessController.doPrivileged(AccessController.java:399)
2025-01-17 15:41:29,035 [ERROR] LogOutputStream:75 - [STDERR_REDIRECT] 	at java.base/java.security.ProtectionDomain$JavaSecurityAccessImpl.doIntersectionPrivilege(ProtectionDomain.java:86)
2025-01-17 15:41:29,036 [ERROR] LogOutputStream:75 - [STDERR_REDIRECT] 	at java.desktop/java.awt.EventQueue.dispatchEvent(EventQueue.java:744)
2025-01-17 15:41:29,036 [ERROR] LogOutputStream:75 - [STDERR_REDIRECT] 	at java.desktop/java.awt.EventDispatchThread.pumpOneEventForFilters(EventDispatchThread.java:203)
2025-01-17 15:41:29,036 [ERROR] LogOutputStream:75 - [STDERR_REDIRECT] 	at java.desktop/java.awt.EventDispatchThread.pumpEventsForFilter(EventDispatchThread.java:124)
2025-01-17 15:41:29,037 [ERROR] LogOutputStream:75 - [STDERR_REDIRECT] 	at java.desktop/java.awt.EventDispatchThread.pumpEventsForHierarchy(EventDispatchThread.java:113)
2025-01-17 15:41:29,037 [ERROR] LogOutputStream:75 - [STDERR_REDIRECT] 	at java.desktop/java.awt.EventDispatchThread.pumpEvents(EventDispatchThread.java:109)
2025-01-17 15:41:29,038 [ERROR] LogOutputStream:75 - [STDERR_REDIRECT] 	at java.desktop/java.awt.EventDispatchThread.pumpEvents(EventDispatchThread.java:101)
2025-01-17 15:41:29,038 [ERROR] LogOutputStream:75 - [STDERR_REDIRECT] 	at java.desktop/java.awt.EventDispatchThread.run(EventDispatchThread.java:90)
2025-01-17 15:41:36,802 [INFO] NvicIntPanel:101 - NVIC parent = com.st.microxplorer.plugins.ip.nvic.MultiNvicIntPanel[,0,0,0x0,invalid,layout=javax.swing.BoxLayout,alignmentX=0.0,alignmentY=0.0,border=,flags=9,maximumSize=,minimumSize=,preferredSize=]
2025-01-17 15:42:01,223 [INFO] UtilMem:75 - End SaveConfig() Used Memory: 869765136 Bytes (1073741824)
2025-01-17 15:42:04,509 [INFO] UtilMem:75 - End SaveConfig() Used Memory: 914158024 Bytes (1073741824)
2025-01-17 15:42:04,588 [INFO] BlockDiagram:2759 - set Specific Code input for plugin: NVIC
2025-01-17 15:42:04,588 [INFO] BlockDiagram:2759 - set Specific Code input for plugin: USART
2025-01-17 15:42:04,588 [INFO] BlockDiagram:2759 - set Specific Code input for plugin: TIM1_8
2025-01-17 15:42:04,588 [INFO] BlockDiagram:2759 - set Specific Code input for plugin: TIM1_8
2025-01-17 15:42:04,588 [INFO] BlockDiagram:2759 - set Specific Code input for plugin: TIM1_8
2025-01-17 15:42:04,588 [INFO] BlockDiagram:2759 - set Specific Code input for plugin: SYS
2025-01-17 15:42:04,588 [INFO] BlockDiagram:2759 - set Specific Code input for plugin: GPIO
2025-01-17 15:42:04,588 [INFO] BlockDiagram:2759 - set Specific Code input for plugin: RCC
2025-01-17 15:42:04,588 [INFO] CodeGenerator:807 - code generatio: config db path: C:\ST\STM32CubeIDE_1.14.1\STM32CubeIDE\plugins\com.st.stm32cube.common.mx_6.10.0.202311202037\\db\
2025-01-17 15:42:04,665 [INFO] CodeEngine:255 - oldGeneratedFile, C:\Users\user\source\repos\STM32\TEST_006_uSonic_PWM_mission\MXTmpFiles\license.tmp_save
2025-01-17 15:42:04,714 [INFO] CodeEngine:279 - Generated code: C:\Users\user\source\repos\STM32\TEST_006_uSonic_PWM_mission\MXTmpFiles\license.tmp
2025-01-17 15:42:04,727 [INFO] CodeEngine:255 - oldGeneratedFile, C:\Users\user\source\repos\STM32\TEST_006_uSonic_PWM_mission\MXTmpFiles\gpio.tmp_save
2025-01-17 15:42:04,763 [INFO] CodeEngine:279 - Generated code: C:\Users\user\source\repos\STM32\TEST_006_uSonic_PWM_mission\MXTmpFiles\gpio.tmp
2025-01-17 15:42:04,835 [INFO] CodeEngine:255 - oldGeneratedFile, C:\Users\user\source\repos\STM32\TEST_006_uSonic_PWM_mission\Core\Src\stm32f4xx_it.c_save
2025-01-17 15:42:04,908 [INFO] CodeEngine:279 - Generated code: C:\Users\user\source\repos\STM32\TEST_006_uSonic_PWM_mission\Core\Src\stm32f4xx_it.c
2025-01-17 15:42:04,912 [INFO] CodeEngine:255 - oldGeneratedFile, C:\Users\user\source\repos\STM32\TEST_006_uSonic_PWM_mission\Core\Inc\stm32f4xx_it.h_save
2025-01-17 15:42:04,939 [INFO] CodeEngine:279 - Generated code: C:\Users\user\source\repos\STM32\TEST_006_uSonic_PWM_mission\Core\Inc\stm32f4xx_it.h
2025-01-17 15:42:04,947 [INFO] CodeEngine:255 - oldGeneratedFile, C:\Users\user\source\repos\STM32\TEST_006_uSonic_PWM_mission\Core\Src\stm32f4xx_hal_msp.c_save
2025-01-17 15:42:05,007 [INFO] CodeEngine:279 - Generated code: C:\Users\user\source\repos\STM32\TEST_006_uSonic_PWM_mission\Core\Src\stm32f4xx_hal_msp.c
2025-01-17 15:42:05,012 [INFO] CodeEngine:255 - oldGeneratedFile, C:\Users\user\source\repos\STM32\TEST_006_uSonic_PWM_mission\MXTmpFiles\system.tmp_save
2025-01-17 15:42:05,043 [INFO] CodeEngine:279 - Generated code: C:\Users\user\source\repos\STM32\TEST_006_uSonic_PWM_mission\MXTmpFiles\system.tmp
2025-01-17 15:42:05,051 [INFO] CodeEngine:311 - oldGeneratedFile, C:\Users\user\source\repos\STM32\TEST_006_uSonic_PWM_mission\Core\Inc\stm32f4xx_hal_conf.h_save
2025-01-17 15:42:05,100 [INFO] CodeEngine:335 - Generated code: C:\Users\user\source\repos\STM32\TEST_006_uSonic_PWM_mission\Core\Inc\stm32f4xx_hal_conf.h
2025-01-17 15:42:05,114 [WARN] IPConfigManager:3440 - IP not found : TIM
2025-01-17 15:42:05,114 [WARN] CodeGenerator:3939 - IP not found : null
2025-01-17 15:42:05,120 [INFO] CodeEngine:255 - oldGeneratedFile, C:\Users\user\source\repos\STM32\TEST_006_uSonic_PWM_mission\Core\Inc\main.h_save
2025-01-17 15:42:05,162 [INFO] CodeEngine:279 - Generated code: C:\Users\user\source\repos\STM32\TEST_006_uSonic_PWM_mission\Core\Inc\main.h
2025-01-17 15:42:05,167 [INFO] CodeEngine:255 - oldGeneratedFile, C:\Users\user\source\repos\STM32\TEST_006_uSonic_PWM_mission\Core\Src\main.c_save
2025-01-17 15:42:05,219 [INFO] CodeEngine:279 - Generated code: C:\Users\user\source\repos\STM32\TEST_006_uSonic_PWM_mission\Core\Src\main.c
2025-01-17 15:42:05,559 [INFO] ProjectBuilder:3076 - Time for Copy HAL[1] : 153mS.
2025-01-17 15:42:05,561 [INFO] ProjectBuilder:4485 - Project Generator version: 4.2.0-B44
2025-01-17 15:42:05,856 [INFO] ConfigFileManager:1495 - The Die is : DIE431
2025-01-17 15:42:05,858 [INFO] ApiDbMcu:508 - Load IP Config File for FATFS
2025-01-17 15:42:05,860 [INFO] ApiDbMcu:508 - Load IP Config File for FREERTOS
2025-01-17 15:42:05,861 [INFO] ApiDbMcu:508 - Load IP Config File for LIBJPEG
2025-01-17 15:42:05,863 [INFO] ApiDbMcu:508 - Load IP Config File for MBEDTLS
2025-01-17 15:42:05,866 [INFO] ApiDbMcu:508 - Load IP Config File for USB_DEVICE
2025-01-17 15:42:05,868 [INFO] ApiDbMcu:508 - Load IP Config File for USB_HOST
2025-01-17 15:42:06,550 [INFO] ProjectBuilder:4747 - Time for Generating toolchain IDE Files: 989mS.
2025-01-17 15:42:06,550 [INFO] ProjectBuilder:2947 - Time for Copy CMSIS : 0mS.
2025-01-17 15:42:06,559 [INFO] ProjectBuilder:2947 - Time for Copy CMSIS : 0mS.
2025-01-17 15:45:18,314 [INFO] Gpio:277 - dependency for GPIO [RCC, SYS, TIM1, TIM3, USART2]
2025-01-17 16:15:11,016 [INFO] MainUpdater:2873 - connection check result : 10
2025-01-17 16:15:11,057 [INFO] McuFinderGlobals:76 - Set McuFinderConnectedMode to true
2025-01-17 16:15:11,058 [INFO] MultiScanPanel:200 - Auto-refresh data requested => check proxy status ongoing
2025-01-17 16:15:11,058 [INFO] FinderPluginLoader:95 - Searching for filters in installed packs
2025-01-17 16:15:11,419 [INFO] LoadUrlFilesThread:185 - End of LoadServerUrlFiles without Thread
2025-01-17 16:15:11,419 [INFO] DetailPanel:341 - Set advertising image to C:/Users/user/STM32Cube/Repository/\en.prom-stm32n6-mcu-finder.png
2025-01-17 16:15:13,444 [INFO] MultiScanPanel:200 - Auto-refresh data requested => check proxy status ongoing
2025-01-17 16:15:13,461 [INFO] LoadUrlFilesThread:185 - End of LoadServerUrlFiles without Thread
2025-01-17 16:15:13,461 [INFO] DetailPanel:341 - Set advertising image to C:/Users/user/STM32Cube/Repository/\en.prom-stm32n6-mcu-finder.png
2025-01-17 16:15:40,436 [INFO] MainUpdater:2873 - connection check result : 10
2025-01-17 16:15:40,436 [INFO] MainUpdater:2873 - connection check result : 10
2025-01-17 16:15:40,515 [INFO] MicroXplorer:468 - Change Database Path : 
2025-01-17 16:15:40,515 [INFO] MicroXplorer:498 - Change Database Version : DB.6.0.100
2025-01-17 16:15:40,518 [ERROR] ProjectManagerView:394 - 
java.lang.NullPointerException: Cannot invoke "javax.swing.JTextField.getText()" because the return value of "java.util.List.get(int)" is null
	at com.st.microxplorer.plugins.projectmanager.gui.ProjectChoiceTab$10.caretUpdate(ProjectChoiceTab.java:2493) ~[filemanager.jar:?]
	at javax.swing.text.JTextComponent.fireCaretUpdate(JTextComponent.java:412) ~[?:?]
	at javax.swing.text.JTextComponent$MutableCaretEvent.fire(JTextComponent.java:4491) ~[?:?]
	at javax.swing.text.JTextComponent$MutableCaretEvent.stateChanged(JTextComponent.java:4513) ~[?:?]
	at javax.swing.text.DefaultCaret.fireStateChanged(DefaultCaret.java:842) ~[?:?]
	at javax.swing.text.DefaultCaret.changeCaretPosition(DefaultCaret.java:1313) ~[?:?]
	at javax.swing.text.DefaultCaret.handleSetDot(DefaultCaret.java:1212) ~[?:?]
	at javax.swing.text.DefaultCaret.setDot(DefaultCaret.java:1193) ~[?:?]
	at javax.swing.text.DefaultCaret$Handler.insertUpdate(DefaultCaret.java:1789) ~[?:?]
	at javax.swing.text.AbstractDocument.fireInsertUpdate(AbstractDocument.java:226) ~[?:?]
	at javax.swing.text.AbstractDocument.handleInsertString(AbstractDocument.java:780) ~[?:?]
	at javax.swing.text.AbstractDocument.insertString(AbstractDocument.java:739) ~[?:?]
	at javax.swing.text.PlainDocument.insertString(PlainDocument.java:131) ~[?:?]
	at javax.swing.text.AbstractDocument.replace(AbstractDocument.java:698) ~[?:?]
	at javax.swing.text.JTextComponent.setText(JTextComponent.java:1729) ~[?:?]
	at com.st.microxplorer.plugins.projectmanager.gui.ProjectChoiceTab.createHeapStackFields(ProjectChoiceTab.java:933) ~[filemanager.jar:?]
	at com.st.microxplorer.plugins.projectmanager.gui.ProjectChoiceTab.buildLinkSettingsPanel(ProjectChoiceTab.java:3426) ~[filemanager.jar:?]
	at com.st.microxplorer.plugins.projectmanager.gui.ProjectChoiceTab.defineWindowsFields(ProjectChoiceTab.java:1813) ~[filemanager.jar:?]
	at com.st.microxplorer.plugins.projectmanager.gui.ProjectChoiceTab.updateSettings(ProjectChoiceTab.java:533) ~[filemanager.jar:?]
	at com.st.microxplorer.plugins.projectmanager.gui.ProjectSettingsPanel.UpdateDialog(ProjectSettingsPanel.java:244) ~[filemanager.jar:?]
	at com.st.microxplorer.plugins.projectmanager.ProjectManagerView.propertyChange(ProjectManagerView.java:391) ~[filemanager.jar:?]
	at java.beans.PropertyChangeSupport.fire(PropertyChangeSupport.java:343) ~[?:?]
	at java.beans.PropertyChangeSupport.firePropertyChange(PropertyChangeSupport.java:335) ~[?:?]
	at java.beans.PropertyChangeSupport.firePropertyChange(PropertyChangeSupport.java:268) ~[?:?]
	at com.st.microxplorer.util.MXPropertyChangeSupport.firePropertyChange(MXPropertyChangeSupport.java:54) ~[STM32CubeMX.jar:?]
	at com.st.microxplorer.mxsystem.MxSystem.closeConfig(MxSystem.java:900) ~[STM32CubeMX.jar:?]
	at com.st.microxplorer.maingui.MainPanel.closeConfig(MainPanel.java:776) ~[STM32CubeMX.jar:?]
	at com.st.microxplorer.plugins.filemanager.engine.OpenFileManager.loadConfigurationFile(OpenFileManager.java:245) ~[filemanager.jar:?]
	at com.st.microxplorer.plugins.filemanager.engine.MainFileManager.userLoadConfig(MainFileManager.java:290) ~[filemanager.jar:?]
	at com.st.microxplorer.plugins.filemanager.FileManagerView.getSpecificTask(FileManagerView.java:247) ~[filemanager.jar:?]
	at com.st.stm32cube.common.mx.editor.CubeMxEditor.getMxTabbedPaneInstance(CubeMxEditor.java:1184) ~[com.st.stm32cube.common.mx_6.10.0.202311202037/:?]
	at com.st.stm32cube.common.mx.editor.CubeMxEditor$12$1.createSwingComponent(CubeMxEditor.java:1065) ~[com.st.stm32cube.common.mx_6.10.0.202311202037/:?]
	at com.st.stm32cube.common.mx.oss.core.awtswtbridge.EmbeddedSwingComposite.doComponentCreation(EmbeddedSwingComposite.java:492) ~[com.st.stm32cube.common.mx.oss_6.10.0.202311202037/:?]
	at com.st.stm32cube.common.mx.oss.core.awtswtbridge.EmbeddedSwingComposite$4.run(EmbeddedSwingComposite.java:291) ~[com.st.stm32cube.common.mx.oss_6.10.0.202311202037/:?]
	at com.st.stm32cube.common.mx.oss.core.awtswtbridge.AwtEnvironment$2.run(AwtEnvironment.java:166) ~[com.st.stm32cube.common.mx.oss_6.10.0.202311202037/:?]
	at java.awt.event.InvocationEvent.dispatch(InvocationEvent.java:318) ~[?:?]
	at java.awt.EventQueue.dispatchEventImpl(EventQueue.java:773) ~[?:?]
	at java.awt.EventQueue$4.run(EventQueue.java:720) ~[?:?]
	at java.awt.EventQueue$4.run(EventQueue.java:714) ~[?:?]
	at java.security.AccessController.doPrivileged(AccessController.java:399) ~[?:?]
	at java.security.ProtectionDomain$JavaSecurityAccessImpl.doIntersectionPrivilege(ProtectionDomain.java:86) ~[?:?]
	at java.awt.EventQueue.dispatchEvent(EventQueue.java:742) ~[?:?]
	at java.awt.EventDispatchThread.pumpOneEventForFilters(EventDispatchThread.java:203) ~[?:?]
	at java.awt.EventDispatchThread.pumpEventsForFilter(EventDispatchThread.java:124) ~[?:?]
	at java.awt.EventDispatchThread.pumpEventsForHierarchy(EventDispatchThread.java:113) ~[?:?]
	at java.awt.EventDispatchThread.pumpEvents(EventDispatchThread.java:109) ~[?:?]
	at java.awt.EventDispatchThread.pumpEvents(EventDispatchThread.java:101) ~[?:?]
	at java.awt.EventDispatchThread.run(EventDispatchThread.java:90) ~[?:?]
2025-01-17 16:15:40,518 [WARN] ThirdParty:871 - waiting for thirdparty lock release [close project]
2025-01-17 16:15:40,518 [INFO] ThirdParty:873 - entering critical section [close project]
2025-01-17 16:15:40,518 [INFO] ThirdParty:883 - exiting critical section [close project]
2025-01-17 16:15:40,519 [INFO] PinOutPanel:1499 - setPackage(No Configuration,No Configuration)
2025-01-17 16:15:40,520 [WARN] IpParametersView:151 - Warning: This peripheral hasn't parameters
2025-01-17 16:15:40,522 [WARN] MainPanel:272 - <html><b><center>Warning: This peripheral has no parameters to be configured<br></b></html>
2025-01-17 16:15:40,526 [INFO] UtilMem:75 - Begin LoadConfig() Used Memory: 964912896 Bytes (1073741824)
2025-01-17 16:15:40,527 [INFO] OpenFileManager:312 - Change cursor
2025-01-17 16:15:40,532 [INFO] RulesReader:64 - Compatibility file has been processed (297 Rules)
2025-01-17 16:15:40,533 [INFO] ProjectFactory:440 - No CPN specified for board NUCLEO-F411RE => set CPN to STM32F411RET6
2025-01-17 16:15:40,533 [INFO] Mcu:2016 - Initializing MCU STM32F411R(C-E)Tx STM32F411RETx STM32F411RET6
2025-01-17 16:15:40,861 [INFO] Context:659 - Trying to add GPIOservice into a context  which must be forbidden
2025-01-17 16:15:40,937 [INFO] Rule:228 - rule 117617 - U5Cobra4M][GTZC] default value MPCBB3 and MPCBB5 - Not Secured memory - MPCBB1 is applicable
2025-01-17 16:15:40,937 [INFO] Rule:228 - rule 117617 - U5Cobra4M][GTZC] default value MPCBB3 and MPCBB5 - Not Secured memory - MPCBB1 is applicable
2025-01-17 16:15:40,937 [INFO] Rule:228 - rule 117617 - U5Cobra4M][GTZC] default value MPCBB3 and MPCBB5 - Not Secured memory - MPCBB2 is applicable
2025-01-17 16:15:40,937 [INFO] Rule:228 - rule 117617 - U5Cobra4M][GTZC] default value MPCBB3 and MPCBB5 - Not Secured memory - MPCBB2 is applicable
2025-01-17 16:15:40,937 [INFO] Rule:228 - rule 117617 - U5Cobra4M][GTZC] default value MPCBB3 and MPCBB5 - Not Secured memory - MPCBB3 is applicable
2025-01-17 16:15:40,937 [INFO] Rule:228 - rule 117617 - U5Cobra4M][GTZC] default value MPCBB3 and MPCBB5 - Not Secured memory - MPCBB3 is applicable
2025-01-17 16:15:40,937 [INFO] Rule:228 - rule 117617 - U5Cobra4M][GTZC] default value MPCBB3 and MPCBB5 - Not Secured memory - MPCBB4 is applicable
2025-01-17 16:15:40,937 [INFO] Rule:228 - rule 117617 - U5Cobra4M][GTZC] default value MPCBB3 and MPCBB5 - Not Secured memory - MPCBB4 is applicable
2025-01-17 16:15:40,937 [INFO] Rule:228 - rule 117617 - U5Cobra4M][GTZC] default value MPCBB3 and MPCBB5 - Secured memory - MPCBB1 is applicable
2025-01-17 16:15:40,937 [INFO] Rule:228 - rule 117617 - U5Cobra4M][GTZC] default value MPCBB3 and MPCBB5 - Secured memory - MPCBB2 is applicable
2025-01-17 16:15:40,937 [INFO] Rule:228 - rule 117617 - U5Cobra4M][GTZC] default value MPCBB3 and MPCBB5 - Secured memory - MPCBB3 is applicable
2025-01-17 16:15:40,937 [INFO] Rule:228 - rule 117617 - U5Cobra4M][GTZC] default value MPCBB3 and MPCBB5 - Secured memory - MPCBB4 is applicable
2025-01-17 16:15:40,937 [INFO] Rule:228 - rule 117617 - U5Cobra4M][GTZC] default value MPCBB3 and MPCBB5 - Privileged memory - MPCBB1 is applicable
2025-01-17 16:15:40,937 [INFO] Rule:228 - rule 117617 - U5Cobra4M][GTZC] default value MPCBB3 and MPCBB5 - Privileged memory - MPCBB2 is applicable
2025-01-17 16:15:40,937 [INFO] Rule:228 - rule 117617 - U5Cobra4M][GTZC] default value MPCBB3 and MPCBB5 - Privileged memory - MPCBB3 is applicable
2025-01-17 16:15:40,937 [INFO] Rule:228 - rule 117617 - U5Cobra4M][GTZC] default value MPCBB3 and MPCBB5 - Privileged memory - MPCBB4 is applicable
2025-01-17 16:15:40,937 [INFO] Rule:228 - rule 117617 - U5Cobra4M][GTZC] default value MPCBB3 and MPCBB5 - Not Privileged memory - MPCBB1 is applicable
2025-01-17 16:15:40,937 [INFO] Rule:228 - rule 117617 - U5Cobra4M][GTZC] default value MPCBB3 and MPCBB5 - Not Privileged memory - MPCBB2 is applicable
2025-01-17 16:15:40,937 [INFO] Rule:228 - rule 117617 - U5Cobra4M][GTZC] default value MPCBB3 and MPCBB5 - Not Privileged memory - MPCBB3 is applicable
2025-01-17 16:15:40,937 [INFO] Rule:228 - rule 117617 - U5Cobra4M][GTZC] default value MPCBB3 and MPCBB5 - Not Privileged memory - MPCBB4 is applicable
2025-01-17 16:15:40,937 [INFO] Rule:228 - rule 117617 - U5Cobra4M][GTZC] default value MPCBB3 and MPCBB5 - Privileged memory - MPCBB1 is applicable
2025-01-17 16:15:40,937 [INFO] Rule:228 - rule 117617 - U5Cobra4M][GTZC] default value MPCBB3 and MPCBB5 - Privileged memory - MPCBB2 is applicable
2025-01-17 16:15:40,937 [INFO] Rule:228 - rule 117617 - U5Cobra4M][GTZC] default value MPCBB3 and MPCBB5 - Privileged memory - MPCBB3 is applicable
2025-01-17 16:15:40,937 [INFO] Rule:228 - rule 117617 - U5Cobra4M][GTZC] default value MPCBB3 and MPCBB5 - Privileged memory - MPCBB4 is applicable
2025-01-17 16:15:40,937 [INFO] Rule:228 - rule 117617 - U5Cobra4M][GTZC] default value MPCBB3 and MPCBB5 - Privileged memory - MPCBB1 is applicable
2025-01-17 16:15:40,937 [INFO] Rule:228 - rule 117617 - U5Cobra4M][GTZC] default value MPCBB3 and MPCBB5 - Privileged memory - MPCBB2 is applicable
2025-01-17 16:15:40,937 [INFO] Rule:228 - rule 117617 - U5Cobra4M][GTZC] default value MPCBB3 and MPCBB5 - Privileged memory - MPCBB3 is applicable
2025-01-17 16:15:40,937 [INFO] Rule:228 - rule 117617 - U5Cobra4M][GTZC] default value MPCBB3 and MPCBB5 - Privileged memory - MPCBB4 is applicable
2025-01-17 16:15:40,937 [INFO] Rule:228 - rule 117617 - U5Cobra4M][GTZC] default value MPCBB3 and MPCBB5 - Not Privileged memory - MPCBB1 is applicable
2025-01-17 16:15:40,937 [INFO] Rule:228 - rule 117617 - U5Cobra4M][GTZC] default value MPCBB3 and MPCBB5 - Not Privileged memory - MPCBB2 is applicable
2025-01-17 16:15:40,937 [INFO] Rule:228 - rule 117617 - U5Cobra4M][GTZC] default value MPCBB3 and MPCBB5 - Not Privileged memory - MPCBB3 is applicable
2025-01-17 16:15:40,937 [INFO] Rule:228 - rule 117617 - U5Cobra4M][GTZC] default value MPCBB3 and MPCBB5 - Not Privileged memory - MPCBB4 is applicable
2025-01-17 16:15:40,937 [INFO] Rule:228 - rule 117617 - U5Cobra4M][GTZC] default value MPCBB3 and MPCBB5 - Privileged memory - MPCBB1 is applicable
2025-01-17 16:15:40,937 [INFO] Rule:228 - rule 117617 - U5Cobra4M][GTZC] default value MPCBB3 and MPCBB5 - Privileged memory - MPCBB2 is applicable
2025-01-17 16:15:40,937 [INFO] Rule:228 - rule 117617 - U5Cobra4M][GTZC] default value MPCBB3 and MPCBB5 - Privileged memory - MPCBB3 is applicable
2025-01-17 16:15:40,937 [INFO] Rule:228 - rule 117617 - U5Cobra4M][GTZC] default value MPCBB3 and MPCBB5 - Privileged memory - MPCBB4 is applicable
2025-01-17 16:15:40,937 [INFO] Rule:228 - rule Rename SubGHz_Phy SUBGHZ_APPLICATION SUBGHZ_PINGPONG to SUBGHZ_ADV_APPLICATION is applicable
2025-01-17 16:15:40,937 [INFO] Rule:228 - rule Rename Enabled to IBEACON is applicable
2025-01-17 16:15:40,937 [INFO] Rule:228 - rule GTZC_S instance for project manager is applicable
2025-01-17 16:15:40,937 [INFO] Rule:228 - rule GTZC_S instance for context M33S is applicable
2025-01-17 16:15:40,937 [INFO] Rule:228 - rule GTZC_S instance value for IP GTZC is applicable
2025-01-17 16:15:40,937 [INFO] Rule:228 - rule GTZC_S instance for mcu.IP is applicable
2025-01-17 16:15:40,937 [INFO] Rule:228 - rule GTZC_S instance for VP is applicable
2025-01-17 16:15:40,937 [INFO] Rule:228 - rule GTZC_S instance for signal is applicable
2025-01-17 16:15:40,937 [INFO] Rule:228 - rule GTZC_S instance for mcu.Pin is applicable
2025-01-17 16:15:40,937 [INFO] Rule:228 - rule GTZC_S instance for VP is applicable
2025-01-17 16:15:40,937 [INFO] Rule:228 - rule GTZC_S instance for signal is applicable
2025-01-17 16:15:40,937 [INFO] Rule:228 - rule GTZC_S instance for mcu is applicable
2025-01-17 16:15:40,937 [INFO] Rule:228 - rule GTZC_S instance for mcu.Pin is applicable
2025-01-17 16:15:40,937 [INFO] Rule:228 - rule GTZC_S instance value for IP GTZC is applicable
2025-01-17 16:15:40,937 [INFO] Rule:228 - rule GTZC_S instance for project manager is applicable
2025-01-17 16:15:40,937 [INFO] Rule:228 - rule GTZC_S instance for context M33S is applicable
2025-01-17 16:15:40,937 [INFO] Rule:228 - rule GTZC_S instance for VP is applicable
2025-01-17 16:15:40,937 [INFO] Rule:228 - rule GTZC_S instance for signal is applicable
2025-01-17 16:15:40,937 [INFO] Rule:228 - rule SPDIFRX instance for mcu is applicable
2025-01-17 16:15:40,937 [INFO] Rule:228 - rule Rename Tracer Mode is applicable
2025-01-17 16:15:40,937 [INFO] Rule:228 - rule SPDIFRX instance value for IP SPDIFRX is applicable
2025-01-17 16:15:40,937 [INFO] Rule:228 - rule SPDIFRX instance for signal is applicable
2025-01-17 16:15:40,937 [INFO] Rule:228 - rule SPDIFRX instance for project manager is applicable
2025-01-17 16:15:40,937 [INFO] Rule:228 - rule SPDIFRX instance for project manager is applicable
2025-01-17 16:15:40,937 [INFO] Rule:228 - rule ADC Scan  fix with FW F7 is applicable
2025-01-17 16:15:40,937 [INFO] Rule:228 - rule ADC Scan  fix with FW F7 is applicable
2025-01-17 16:15:40,937 [INFO] Rule:228 - rule WakeUp0 Mode is applicable
2025-01-17 16:15:40,937 [INFO] Rule:228 - rule WakeUp0 SIGNAL is applicable
2025-01-17 16:15:40,937 [INFO] Rule:228 - rule WakeUp1 Mode is applicable
2025-01-17 16:15:40,937 [INFO] Rule:228 - rule WakeUp1 SIGNAL is applicable
2025-01-17 16:15:40,937 [INFO] Rule:228 - rule WakeUp2 Mode is applicable
2025-01-17 16:15:40,937 [INFO] Rule:228 - rule WakeUp2 SIGNAL is applicable
2025-01-17 16:15:40,937 [INFO] Rule:228 - rule WakeUp4 Mode is applicable
2025-01-17 16:15:40,937 [INFO] Rule:228 - rule WakeUp4 SIGNAL is applicable
2025-01-17 16:15:40,937 [INFO] Rule:228 - rule WakeUp5 Mode is applicable
2025-01-17 16:15:40,937 [INFO] Rule:228 - rule WakeUp5 SIGNAL is applicable
2025-01-17 16:15:40,937 [INFO] Rule:228 - rule Add RTC Activate Clock Source is applicable
2025-01-17 16:15:40,937 [INFO] Rule:228 - rule Add RTC Activate Calendar 1 is applicable
2025-01-17 16:15:40,937 [INFO] Rule:228 - rule Add RTC Activate Calendar 2 is applicable
2025-01-17 16:15:40,937 [INFO] Rule:228 - rule Add RTC Activate Calendar 3 is applicable
2025-01-17 16:15:40,937 [INFO] Rule:228 - rule UART/USART TX Mode is applicable
2025-01-17 16:15:40,939 [INFO] Rule:228 - rule UART/USART RX Mode is applicable
2025-01-17 16:15:40,939 [INFO] Rule:228 - rule UART/USART RX TX Mode is applicable
2025-01-17 16:15:40,939 [INFO] Rule:228 - rule UART/USART PARITY NONE is applicable
2025-01-17 16:15:40,939 [INFO] Rule:228 - rule UART/USART PARITY EVEN is applicable
2025-01-17 16:15:40,939 [INFO] Rule:228 - rule UART/USART PARITY ODD is applicable
2025-01-17 16:15:40,939 [INFO] Rule:228 - rule USART StopBits 1 is applicable
2025-01-17 16:15:40,939 [INFO] Rule:228 - rule USART StopBits 2 is applicable
2025-01-17 16:15:40,939 [INFO] Rule:228 - rule USART StopBits 1.5 is applicable
2025-01-17 16:15:40,939 [INFO] Rule:228 - rule USART StopBits 0.5 is applicable
2025-01-17 16:15:40,939 [INFO] Rule:228 - rule UART/USART WORD LENGTH 7 is applicable
2025-01-17 16:15:40,939 [INFO] Rule:228 - rule UART/USART WORD LENGTH 8 is applicable
2025-01-17 16:15:40,939 [INFO] Rule:228 - rule UART/USART WORD LENGTH 9 is applicable
2025-01-17 16:15:40,939 [INFO] Rule:228 - rule Rename FMC NAND NCE signal is applicable
2025-01-17 16:15:40,939 [INFO] Rule:228 - rule Rename FMC NAND INT signal is applicable
2025-01-17 16:15:40,939 [INFO] Rule:228 - rule Change Default Value for LSE Drive Capability for WB family is applicable
2025-01-17 16:15:40,939 [INFO] Rule:228 - rule Change Default Value for ADC Clock Prescaler G0 family is applicable
2025-01-17 16:15:40,939 [INFO] Rule:228 - rule Change Default Value for ADC ExternalTrigConv L4 family is applicable
2025-01-17 16:15:40,939 [INFO] Rule:228 - rule Change Default Value for ADC ExternalTrigInjecConv L4 family is applicable
2025-01-17 16:15:40,939 [INFO] Rule:228 - rule Change Default Value for ADC ExternalTrigConv F3 family is applicable
2025-01-17 16:15:40,939 [INFO] Rule:228 - rule Change Default Value for ADC ExternalTrigInjecConv F3 family is applicable
2025-01-17 16:15:40,939 [INFO] Rule:228 - rule Change Default Value for ADC ExternalTrigConv Goldfish serie is applicable
2025-01-17 16:15:40,939 [INFO] Rule:228 - rule Change Default Value for ADC ExternalTrigInjecConv Goldfish serie is applicable
2025-01-17 16:15:40,939 [INFO] Rule:228 - rule Change Default Value for ADC ExternalTrigConv L0 family is applicable
2025-01-17 16:15:40,939 [INFO] Rule:228 - rule Change Default Value for ADC ExternalTrigConv F0 family is applicable
2025-01-17 16:15:40,939 [INFO] Rule:228 - rule Change Default Value for ADC ExternalTrigConvn L1 family is applicable
2025-01-17 16:15:40,939 [INFO] Rule:228 - rule Change Default Value for ADC ExternalTrigInjecConv L1 family is applicable
2025-01-17 16:15:40,939 [INFO] Rule:228 - rule Change Default Value for ADC ExternalTrigConv F1 family is applicable
2025-01-17 16:15:40,939 [INFO] Rule:228 - rule Change Default Value for ADC ExternalTrigInjecConv F1 family is applicable
2025-01-17 16:15:40,939 [INFO] Rule:228 - rule Change Default Value for ADC ExternalTrigConv F7 family is applicable
2025-01-17 16:15:40,939 [INFO] Rule:228 - rule Change Default Value for ADC ExternalTrigInjecConv F7 family is applicable
2025-01-17 16:15:40,939 [INFO] Rule:228 - rule Change Default Value for ADC ExternalTrigConv F4 and F2 family is applicable
2025-01-17 16:15:40,939 [INFO] Rule:228 - rule Change Default Value for ADC ExternalTrigInjecConv F4 and F2 family is applicable
2025-01-17 16:15:40,939 [INFO] Rule:228 - rule ADC SamplingTime fix with FW L0  is applicable
2025-01-17 16:15:40,939 [INFO] Rule:228 - rule ADC SamplingTime fix with FW L0  is applicable
2025-01-17 16:15:40,939 [INFO] Rule:228 - rule ADC SamplingTime fix with FW L0 is applicable
2025-01-17 16:15:40,939 [INFO] Rule:228 - rule ADC SamplingTime fix with FW L0 is applicable
2025-01-17 16:15:40,939 [INFO] Rule:228 - rule ADC SamplingTime fix with FW L0  is applicable
2025-01-17 16:15:40,939 [INFO] Rule:228 - rule ADC SamplingTime fix with FW L0 is applicable
2025-01-17 16:15:40,939 [INFO] Rule:228 - rule Rename USB_OE Signal is applicable
2025-01-17 16:15:40,939 [INFO] Rule:228 - rule Rename Activate_OE Mode is applicable
2025-01-17 16:15:40,939 [INFO] Rule:228 - rule Rename DIE462/DIE415 pin PC14/OSC32_IN -> PC14-OSC32_IN (PC14) is applicable
2025-01-17 16:15:40,939 [INFO] Rule:228 - rule Rename DIE462/DIE415 pin PC15/OSC32_OUT -> PC15-OSC32_OUT (PC15) is applicable
2025-01-17 16:15:40,939 [INFO] Rule:228 - rule Rename DIE462/DIE415 pin PH0/OSC_IN -> PH0-OSC_IN (PH0) is applicable
2025-01-17 16:15:40,939 [INFO] Rule:228 - rule Rename DIE462/DIE415 pin PH1/OSC_OUT -> PH1-OSC_OUT (PH1) is applicable
2025-01-17 16:15:40,939 [INFO] Rule:228 - rule Rename DIE462 pin PA13 -> PA13 (JTMS/SWDIO) is applicable
2025-01-17 16:15:40,939 [INFO] Rule:228 - rule Rename DIE415 pin PA13 -> PA13 (JTMS/SWDIO) is applicable
2025-01-17 16:15:40,939 [INFO] Rule:228 - rule Rename DIE462 pin PA14 -> PA14 (JTCK/SWCLK) is applicable
2025-01-17 16:15:40,939 [INFO] Rule:228 - rule Rename DIE415 pin PA14 -> PA14 (JTCK/SWCLK) is applicable
2025-01-17 16:15:40,939 [INFO] Rule:228 - rule Rename DIE462/DIE415 pin PA15 -> PA15 (JTDI) is applicable
2025-01-17 16:15:40,939 [INFO] Rule:228 - rule Rename DIE462 pin PB3 -> PB3 (JTD0/TRACESWO) is applicable
2025-01-17 16:15:40,939 [INFO] Rule:228 - rule Rename DIE415 pin PB3 -> PB3 (JTD0-TRACESWO) is applicable
2025-01-17 16:15:40,939 [INFO] Rule:228 - rule Rename DIE462/DIE415 pin PB4 -> PB4 (NJTRST) is applicable
2025-01-17 16:15:40,939 [INFO] Rule:228 - rule Rename DIE462 pin PH3/BOOT0 -> PH3-BOOT0 (BOOT0) is applicable
2025-01-17 16:15:40,939 [INFO] Rule:228 - rule Rename CRYP DataEncryptionTypesList to Algorithm is applicable
2025-01-17 16:15:40,939 [INFO] Rule:228 - rule Rename AES DataEncryptionTypesList to Algorithm is applicable
2025-01-17 16:15:40,939 [INFO] Rule:228 - rule Rename TDESECB to CRYP_TDES_ECB is applicable
2025-01-17 16:15:40,939 [INFO] Rule:228 - rule Rename TDESCBC to CRYP_TDES_CBC is applicable
2025-01-17 16:15:40,939 [INFO] Rule:228 - rule Rename DESECB to CRYP_DES_ECB is applicable
2025-01-17 16:15:40,939 [INFO] Rule:228 - rule Rename DESCBC to CRYP_DES_CBC is applicable
2025-01-17 16:15:40,939 [INFO] Rule:228 - rule Rename AESECB to CRYP_AES_ECB is applicable
2025-01-17 16:15:40,939 [INFO] Rule:228 - rule Rename AESCBC to CRYP_AES_CBC is applicable
2025-01-17 16:15:40,939 [INFO] Rule:228 - rule Rename AESCTR to CRYP_AES_CTR is applicable
2025-01-17 16:15:40,939 [INFO] Rule:228 - rule Rename AESGCM to CRYP_AES_GCM is applicable
2025-01-17 16:15:40,939 [INFO] Rule:228 - rule Rename AESCCM to CRYP_AES_CCM is applicable
2025-01-17 16:15:40,939 [INFO] Rule:228 - rule Rename CAN TimeSeg1 to BS1 is applicable
2025-01-17 16:15:40,939 [INFO] Rule:228 - rule Rename CAN TimeSeg2 to BS2 is applicable
2025-01-17 16:15:40,939 [INFO] Rule:228 - rule Rename CAN SyncJumpWidth to SJW is applicable
2025-01-17 16:15:40,939 [INFO] Rule:228 - rule TimeTriggeredMode to TTCM is applicable
2025-01-17 16:15:40,939 [INFO] Rule:228 - rule Rename CAN AutoBusOff to ABOM is applicable
2025-01-17 16:15:40,939 [INFO] Rule:228 - rule Rename CAN AutoWakeUp to AWUM is applicable
2025-01-17 16:15:40,939 [INFO] Rule:228 - rule Rename CAN AutoRetransmission to NART is applicable
2025-01-17 16:15:40,939 [INFO] Rule:228 - rule Rename CAN ReceiveFifoLocked to RFLM is applicable
2025-01-17 16:15:40,939 [INFO] Rule:228 - rule Rename CAN TransmitFifoPriority to TXFP is applicable
2025-01-17 16:15:40,939 [INFO] Rule:228 - rule Rename HRTIMER HRTIM_OUTPUTFAULTLEVEL_HIGH in HRTIMER HRTIM_OUTPUTFAULTLEVEL_HIGHZ is applicable
2025-01-17 16:15:40,939 [INFO] Rule:228 - rule Rename TIMER TIM_CLEARINPUTSOURCE_OCREFCLR in  TIMER TIM_CLEARINPUTSOURCE_NONE for F7 family is applicable
2025-01-17 16:15:40,939 [INFO] Rule:228 - rule FDCAN_R1 - Rename FDCAN mode Master into Classic is applicable
2025-01-17 16:15:40,939 [INFO] Rule:228 - rule FDCAN_R2 - Rename FDCAN mode Slave into Classic is applicable
2025-01-17 16:15:40,939 [INFO] Rule:228 - rule FDCAN1_R3 - if PA10.Mode=FullDuplex, add Pin PA12 is applicable
2025-01-17 16:15:40,939 [INFO] Rule:228 - rule FDCAN1_R3 - if PA9.Mode=FullDuplex, add Pin PA11 is applicable
2025-01-17 16:15:40,939 [INFO] Rule:228 - rule FDCAN1_R3 - Alternatepin_1 - if PE1.Mode=FullDuplex, add Pin PB9 is applicable
2025-01-17 16:15:40,939 [INFO] Rule:228 - rule FDCAN1_R3 - Alternatepin_1 - if PE0.Mode=FullDuplex, add Pin PB8 is applicable
2025-01-17 16:15:40,939 [INFO] Rule:228 - rule FDCAN1_R3 - Alternatepin_2 - if PD5.Mode=FullDuplex, add Pin PD1 is applicable
2025-01-17 16:15:40,939 [INFO] Rule:228 - rule FDCAN1_R3 - Alternatepin_2 - if PD4.Mode=FullDuplex, add Pin PD0 is applicable
2025-01-17 16:15:40,939 [INFO] Rule:228 - rule FDCAN1_R4 - Rename Mode FullDuplex into Enable FDCAN_TXFD for pin PA10 is applicable
2025-01-17 16:15:40,939 [INFO] Rule:228 - rule FDCAN1_R4 - Rename Mode FullDuplex into Enable FDCAN_TXFD for pin PA9 is applicable
2025-01-17 16:15:40,939 [INFO] Rule:228 - rule FDCAN1_R4 - Alternatepin_1 - Rename Mode FullDuplex into Enable FDCAN_TXFD for pin PE1 is applicable
2025-01-17 16:15:40,939 [INFO] Rule:228 - rule FDCAN1_R4 - Alternatepin_1 - Rename Mode FullDuplex into Enable FDCAN_TXFD for pin PE0 is applicable
2025-01-17 16:15:40,939 [INFO] Rule:228 - rule FDCAN1_R4 - Alternatepin_2 - Rename Mode FullDuplex into Enable FDCAN_TXFD for pin PD5 is applicable
2025-01-17 16:15:40,939 [INFO] Rule:228 - rule FDCAN1_R4 - Alternatepin_2 - Rename Mode FullDuplex into Enable FDCAN_TXFD for pin PD4 is applicable
2025-01-17 16:15:40,939 [INFO] Rule:228 - rule FDCAN2_R3 - if PD10.Mode=FullDuplex, add Pin PB13 is applicable
2025-01-17 16:15:40,939 [INFO] Rule:228 - rule FDCAN2_R3 - if PD9.Mode=FullDuplex, add Pin PB12 is applicable
2025-01-17 16:15:40,939 [INFO] Rule:228 - rule FDCAN2_R3 - Alternatepin_1 - if PB7.Mode=FullDuplex, add Pin PB6 is applicable
2025-01-17 16:15:40,939 [INFO] Rule:228 - rule FDCAN2_R3 - Alternatepin_1 - if PD9.Mode=FullDuplex, add Pin PB12 is applicable
2025-01-17 16:15:40,939 [INFO] Rule:228 - rule FDCAN2_R4 - Rename Mode FullDuplex into Enable FDCAN_TXFD for pin PD10 is applicable
2025-01-17 16:15:40,939 [INFO] Rule:228 - rule FDCAN2_R4 - Rename Mode FullDuplex into Enable FDCAN_TXFD for pin PD9 is applicable
2025-01-17 16:15:40,939 [INFO] Rule:228 - rule FDCAN2_R4 - Alternatepin_1 - Rename Mode FullDuplex into Enable FDCAN_TXFD for pin PB7 is applicable
2025-01-17 16:15:40,939 [INFO] Rule:228 - rule FDCAN2_R4 - Alternatepin_1 - Rename Mode FullDuplex into Enable FDCAN_TXFD for pin PD6 is applicable
2025-01-17 16:15:40,939 [INFO] Rule:228 - rule USART TxPinLevelInvertParam Mode is applicable
2025-01-17 16:15:40,939 [INFO] Rule:228 - rule USART RxPinLevelInvertParam Mode is applicable
2025-01-17 16:15:40,939 [INFO] Rule:228 - rule USART DataInvertParam Mode is applicable
2025-01-17 16:15:40,939 [INFO] Rule:228 - rule USART SwapParam Mode is applicable
2025-01-17 16:15:40,939 [INFO] Rule:228 - rule USART OverrunDisableParam Mode is applicable
2025-01-17 16:15:40,939 [INFO] Rule:228 - rule USART DMADisableonRxErrorParam Mode is applicable
2025-01-17 16:15:40,939 [INFO] Rule:228 - rule USART MSBFirstParam Mode is applicable
2025-01-17 16:15:40,939 [INFO] Rule:228 - rule Update MwName for USB_DEVICE is applicable
2025-01-17 16:15:40,939 [INFO] Rule:228 - rule Change PWR_Regulator_Voltage_Scale Default Value for RCC  H7 family is applicable
2025-01-17 16:15:40,939 [INFO] Rule:228 - rule UART/USART IPParameter rename Prescaler parameter to ClockPrescaler is applicable
2025-01-17 16:15:40,939 [INFO] Rule:228 - rule UART/USART Prescaler rename Prescaler parameter to ClockPrescaler is applicable
2025-01-17 16:15:40,939 [INFO] Rule:228 - rule TIM1CLockSelection is applicable
2025-01-17 16:15:40,939 [INFO] Rule:228 - rule TIM15CLockSelection is applicable
2025-01-17 16:15:40,939 [INFO] Rule:228 - rule align RCC SDMMC3CLockSelection default value on MP1 is applicable
2025-01-17 16:15:40,939 [INFO] Rule:228 - rule align RCC SDMMC12CLockSelection default value on MP1 is applicable
2025-01-17 16:15:40,939 [INFO] Rule:228 - rule align RCC QSPICLockSelection default value on MP1 is applicable
2025-01-17 16:15:40,939 [INFO] Rule:228 - rule align RCC QSPICLockSelection default value on MP1 is applicable
2025-01-17 16:15:40,939 [INFO] Rule:228 - rule align RCC SPI6CLockSelection default value on MP1 is applicable
2025-01-17 16:15:40,939 [INFO] Rule:228 - rule align RCC LPTIM23CLockSelection default value on MP1 is applicable
2025-01-17 16:15:40,939 [INFO] Rule:228 - rule align RCC LPTIM1CLockSelection default value on MP1 is applicable
2025-01-17 16:15:40,939 [INFO] Rule:228 - rule align RCC USART1CLockSelection default value on MP1 is applicable
2025-01-17 16:15:40,939 [INFO] Rule:228 - rule align RCC USART24CLockSelection default value on MP1 is applicable
2025-01-17 16:15:40,939 [INFO] Rule:228 - rule align RCC USART6CLockSelection default value on MP1 is applicable
2025-01-17 16:15:40,939 [INFO] Rule:228 - rule align RCC UART78CLockSelection default value on MP1 is applicable
2025-01-17 16:15:40,940 [INFO] Rule:228 - rule align RCC USART35CLockSelection default value on MP1 is applicable
2025-01-17 16:15:40,940 [INFO] Rule:228 - rule align RCC SPI45CLockSelection default value on MP1 is applicable
2025-01-17 16:15:40,940 [INFO] Rule:228 - rule align RCC I2C46CLockSelection BCLK value on MP1 is applicable
2025-01-17 16:15:40,940 [INFO] Rule:228 - rule align RCC SPI45CLockSelection default value on MP1 is applicable
2025-01-17 16:15:40,940 [INFO] Rule:228 - rule align RCC I2C12CLockSelection default value on MP1 is applicable
2025-01-17 16:15:40,940 [INFO] Rule:228 - rule align RCC I2C35CLockSelection default value on MP1 is applicable
2025-01-17 16:15:40,940 [INFO] Rule:228 - rule align RCC LPTIM45CLockSelection default value on MP1 is applicable
2025-01-17 16:15:40,940 [INFO] Rule:228 - rule Rename DCMI PIXCK signal is applicable
2025-01-17 16:15:40,940 [INFO] Rule:228 - rule Change Default Value for I2C46CLockSelection MP1 family is applicable
2025-01-17 16:15:40,940 [INFO] Rule:228 - rule Change Default Value for UART for G4, G0 and WB families is applicable
2025-01-17 16:15:40,940 [INFO] Rule:228 - rule Change Default Value for USART for G4, G0 and WB families is applicable
2025-01-17 16:15:40,940 [INFO] Rule:228 - rule Change Default Value for USART for G4 family is applicable
2025-01-17 16:15:40,940 [INFO] Rule:228 - rule Change USART1CLockSelection refparam name for MP1 is applicable
2025-01-17 16:15:40,940 [INFO] Rule:228 - rule Change USART2CLockSelection refparam name for MP1 is applicable
2025-01-17 16:15:40,940 [INFO] Rule:228 - rule Change USART3CLockSelection refparam name for MP1 is applicable
2025-01-17 16:15:40,940 [INFO] Rule:228 - rule Change UART4CLockSelection refparam name for MP1 is applicable
2025-01-17 16:15:40,940 [INFO] Rule:228 - rule Change UART5CLockSelection refparam name for MP1 is applicable
2025-01-17 16:15:40,940 [INFO] Rule:228 - rule Change LPUART1CLockSelection refparam name for MP1 is applicable
2025-01-17 16:15:40,940 [INFO] Rule:228 - rule Change LPTIM1CLockSelection refparam name for MP1 is applicable
2025-01-17 16:15:40,940 [INFO] Rule:228 - rule Change LPTIM2CLockSelection refparam name for MP1 is applicable
2025-01-17 16:15:40,940 [INFO] Rule:228 - rule Change RCC_MCO1Source refparam name for MP1 is applicable
2025-01-17 16:15:40,940 [INFO] Rule:228 - rule Change LSCOSource1 refparam name for MP1 is applicable
2025-01-17 16:15:40,940 [INFO] Rule:228 - rule Change SMPSCLockSelection refparam name for MP1 is applicable
2025-01-17 16:15:40,940 [INFO] Rule:228 - rule Change LPTIM3CLockSelection refparam name for MP1 is applicable
2025-01-17 16:15:40,940 [INFO] Rule:228 - rule Change MPCBB* Default Template Mode to Parameters is applicable
2025-01-17 16:15:40,940 [INFO] Rule:228 - rule Change MPCWM* or MPCBB* Secure Mode to Parameters is applicable
2025-01-17 16:15:40,940 [INFO] Rule:228 - rule Change MPCWM* or MPCBB* No Secure Mode to Parameters is applicable
2025-01-17 16:15:40,940 [INFO] Rule:228 - rule Change TZSC IP Secure Mode to Parameters is applicable
2025-01-17 16:15:40,940 [INFO] Rule:228 - rule Change TZSC IP No Secure Mode to Parameters is applicable
2025-01-17 16:15:40,940 [INFO] Rule:228 - rule Change TZSC IP Privilege Mode to Parameters is applicable
2025-01-17 16:15:40,940 [INFO] Rule:228 - rule Change TZSC IP No Privilege Mode to Parameters is applicable
2025-01-17 16:15:40,940 [INFO] Rule:228 - rule Change TZIC IT Secure Mode to Parameters is applicable
2025-01-17 16:15:40,940 [INFO] Rule:228 - rule Change TZIC IT No Secure Mode to Parameters is applicable
2025-01-17 16:15:40,940 [INFO] Rule:228 - rule Add MPCBB1_NonSecureArea_Start_Address value with referenced to MPCBB1_NonSecureArea_Start value is applicable
2025-01-17 16:15:40,940 [INFO] Rule:228 - rule Add MPCBB2_NonSecureArea_Start_Address value with referenced to MPCBB2_NonSecureArea_Start value is applicable
2025-01-17 16:15:40,940 [INFO] Rule:228 - rule Add MPCWM1_NonSecureArea*_Start_Address value with referenced to MPCWM1_NonSecureArea*_Start value is applicable
2025-01-17 16:15:40,940 [INFO] Rule:228 - rule Add MPCWM2_NonSecureArea*_Start_Address value with referenced to MPCWM2_NonSecureArea*_Start value is applicable
2025-01-17 16:15:40,940 [INFO] Rule:228 - rule Add MPCWM3_NonSecureArea_Start_Address value with referenced to MPCWM3_NonSecureArea_Start value is applicable
2025-01-17 16:15:40,940 [INFO] Rule:228 - rule Change Default Value for PLL1UserDefinedConfig is applicable
2025-01-17 16:15:40,940 [INFO] Rule:228 - rule Change GPIO_PuPd Default Value for USART in async mode is applicable
2025-01-17 16:15:40,940 [INFO] Rule:228 - rule Change SMPSDivider Default Value is applicable
2025-01-17 16:15:40,940 [INFO] Rule:228 - rule OPAMP is applicable
2025-01-17 16:15:40,940 [INFO] Rule:228 - rule LPUART IPParameter rename Prescaler parameter to ClockPrescaler for STM32H7 is applicable
2025-01-17 16:15:40,940 [INFO] Rule:228 - rule LPUART IPParameter rename Prescaler parameter to ClockPrescaler for STM32H7 is applicable
2025-01-17 16:15:40,940 [INFO] Rule:228 - rule LPUART IPParameter rename Prescaler parameter to ClockPrescaler for STM32WB is applicable
2025-01-17 16:15:40,940 [INFO] Rule:228 - rule LPUART IPParameter rename Prescaler parameter to ClockPrescaler for STM32WB is applicable
2025-01-17 16:15:40,940 [INFO] Rule:228 - rule LPUART IPParameter rename Prescaler parameter to ClockPrescaler for STM32G4 is applicable
2025-01-17 16:15:40,940 [INFO] Rule:228 - rule LPUART IPParameter rename Prescaler parameter to ClockPrescaler for STM32G4 is applicable
2025-01-17 16:15:40,940 [INFO] Rule:228 - rule LPUART IPParameter rename Prescaler parameter to ClockPrescaler for STM32L5 is applicable
2025-01-17 16:15:40,940 [INFO] Rule:228 - rule LPUART IPParameter rename Prescaler parameter to ClockPrescaler for STM32L5 is applicable
2025-01-17 16:15:40,940 [INFO] Rule:228 - rule LPUART IPParameter rename Prescaler parameter to ClockPrescaler for STM32G4 is applicable
2025-01-17 16:15:40,940 [INFO] Rule:228 - rule LPUART IPParameter rename Prescaler parameter to ClockPrescaler for STM32G4 is applicable
2025-01-17 16:15:40,940 [INFO] Rule:228 - rule USB device lib V2.5.3 for L0 rename USBD_SUPPORT_USER_STRING parameter to USBD_SUPPORT_USER_STRING_DESC4 is applicable
2025-01-17 16:15:40,940 [INFO] Rule:228 - rule I2SCLockSelection clock entry align is applicable
2025-01-17 16:15:40,940 [INFO] Rule:228 - rule Assign TIMx context if used as SYS timebase is applicable
2025-01-17 16:15:40,940 [INFO] Rule:228 - rule Change GPIO_Pu Default Value for I2C is applicable
2025-01-17 16:15:40,940 [INFO] Rule:228 - rule Change GPIO_Pu Default Value for SMBus is applicable
2025-01-17 16:15:40,940 [INFO] Rule:228 - rule change FDCAN default value is applicable
2025-01-17 16:15:40,940 [INFO] Rule:228 - rule Change mode sai is applicable
2025-01-17 16:15:40,940 [INFO] Rule:228 - rule **Change sai mode is applicable
2025-01-17 16:15:40,940 [INFO] Rule:228 - rule Rename STM32WPAN CFG_BLE_IRK to CFG_BLE_IR is applicable
2025-01-17 16:15:40,940 [INFO] Rule:228 - rule Rename STM32WPAN CFG_BLE_ERK to CFG_BLE_ER is applicable
2025-01-17 16:15:40,940 [INFO] Rule:228 - rule Rename STM32WPAN CFG_BLE_IRK_HEX to CFG_BLE_IR_HEX is applicable
2025-01-17 16:15:40,940 [INFO] Rule:228 - rule Rename STM32WPAN CFG_BLE_ERK_HEX to CFG_BLE_ER_HEX is applicable
2025-01-17 16:15:40,943 [INFO] DbConfProperties:307 - Apply Compatibility (49/262 Rules)
2025-01-17 16:15:40,946 [INFO] ImportTextPane:194 - (OptionalMessage_ERROR) Unable to find key (Mcu.ThirdPartyNb) in loaded IOC file
2025-01-17 16:15:41,015 [INFO] RtosManager:555 - Registered RTOS mode: class=CMSIS, group=RTOS, mode=CMSIS_V1, owner=FREERTOS
2025-01-17 16:15:41,015 [INFO] RtosManager:555 - Registered RTOS mode: class=CMSIS, group=RTOS2, mode=CMSIS_V2, owner=FREERTOS
2025-01-17 16:15:41,015 [INFO] RtosManager:555 - Registered RTOS mode: class=RTOS, group=Core, mode=CMSIS_V1, owner=FREERTOS
2025-01-17 16:15:41,015 [INFO] RtosManager:555 - Registered RTOS mode: class=RTOS, group=Core, mode=CMSIS_V2, owner=FREERTOS
2025-01-17 16:15:41,015 [WARN] ModelIntegratedComponent:184 - Missing modes for component STMicroelectronics:FreeRTOS:0.0.1:STMicroelectronics:RTOS:FreeRTOS:Core:::10.2.0:
2025-01-17 16:15:41,017 [WARN] ModelIntegratedComponent:182 - Modes not found for component STMicroelectronics:USB_HOST:1.0.0:STMicroelectronics:USB::USB Host:Audio HS::1.0:USB_HOST_1_0_RESTRICTED_HS
2025-01-17 16:15:41,017 [WARN] ModelIntegratedComponent:188 - Modes not found for component STMicroelectronics:USB_HOST:1.0.0:STMicroelectronics:USB::USB Host:Audio HS::1.0:USB_HOST_1_0_RESTRICTED_HS
2025-01-17 16:15:41,017 [WARN] ModelIntegratedComponent:182 - Modes not found for component STMicroelectronics:USB_HOST:1.0.0:STMicroelectronics:USB::USB Host:CDC HS::1.0:USB_HOST_1_0_RESTRICTED_HS
2025-01-17 16:15:41,017 [WARN] ModelIntegratedComponent:188 - Modes not found for component STMicroelectronics:USB_HOST:1.0.0:STMicroelectronics:USB::USB Host:CDC HS::1.0:USB_HOST_1_0_RESTRICTED_HS
2025-01-17 16:15:41,017 [WARN] ModelIntegratedComponent:182 - Modes not found for component STMicroelectronics:USB_HOST:1.0.0:STMicroelectronics:USB::USB Host:MSC HS::1.0:USB_HOST_1_0_RESTRICTED_HS
2025-01-17 16:15:41,017 [WARN] ModelIntegratedComponent:188 - Modes not found for component STMicroelectronics:USB_HOST:1.0.0:STMicroelectronics:USB::USB Host:MSC HS::1.0:USB_HOST_1_0_RESTRICTED_HS
2025-01-17 16:15:41,017 [WARN] ModelIntegratedComponent:182 - Modes not found for component STMicroelectronics:USB_HOST:1.0.0:STMicroelectronics:USB::USB Host:HID HS::1.0:USB_HOST_1_0_RESTRICTED_HS
2025-01-17 16:15:41,017 [WARN] ModelIntegratedComponent:188 - Modes not found for component STMicroelectronics:USB_HOST:1.0.0:STMicroelectronics:USB::USB Host:HID HS::1.0:USB_HOST_1_0_RESTRICTED_HS
2025-01-17 16:15:41,017 [WARN] ModelIntegratedComponent:182 - Modes not found for component STMicroelectronics:USB_HOST:1.0.0:STMicroelectronics:USB::USB Host:MTP HS::1.0:USB_HOST_1_0_RESTRICTED_HS
2025-01-17 16:15:41,017 [WARN] ModelIntegratedComponent:188 - Modes not found for component STMicroelectronics:USB_HOST:1.0.0:STMicroelectronics:USB::USB Host:MTP HS::1.0:USB_HOST_1_0_RESTRICTED_HS
2025-01-17 16:15:41,018 [WARN] ModelIntegratedComponent:63 - No mode defined for component null
2025-01-17 16:15:41,018 [WARN] ModelIntegratedComponent:63 - No mode defined for component null
2025-01-17 16:15:41,018 [WARN] ModelIntegratedComponent:63 - No mode defined for component null
2025-01-17 16:15:41,018 [WARN] ModelIntegratedComponent:63 - No mode defined for component null
2025-01-17 16:15:41,018 [WARN] ModelIntegratedComponent:63 - No mode defined for component null
2025-01-17 16:15:41,018 [WARN] ModelIntegratedComponent:63 - No mode defined for component null
2025-01-17 16:15:41,018 [WARN] ModelIntegratedComponent:63 - No mode defined for component null
2025-01-17 16:15:41,018 [WARN] ModelIntegratedComponent:63 - No mode defined for component null
2025-01-17 16:15:41,018 [WARN] ModelIntegratedComponent:63 - No mode defined for component null
2025-01-17 16:15:41,018 [WARN] ModelIntegratedComponent:63 - No mode defined for component null
2025-01-17 16:15:41,018 [WARN] ModelIntegratedComponent:63 - No mode defined for component null
2025-01-17 16:15:41,018 [WARN] ModelIntegratedComponent:63 - No mode defined for component null
2025-01-17 16:15:41,018 [WARN] ModelIntegratedComponent:63 - No mode defined for component null
2025-01-17 16:15:41,018 [WARN] ModelIntegratedComponent:63 - No mode defined for component null
2025-01-17 16:15:41,018 [WARN] ModelIntegratedComponent:63 - No mode defined for component null
2025-01-17 16:15:41,018 [WARN] ModelIntegratedComponent:63 - No mode defined for component null
2025-01-17 16:15:41,018 [WARN] ModelIntegratedComponent:63 - No mode defined for component null
2025-01-17 16:15:41,018 [WARN] ModelIntegratedComponent:63 - No mode defined for component null
2025-01-17 16:15:41,018 [WARN] ModelIntegratedComponent:63 - No mode defined for component null
2025-01-17 16:15:41,018 [WARN] ModelIntegratedComponent:63 - No mode defined for component null
2025-01-17 16:15:41,018 [WARN] ModelIntegratedComponent:63 - No mode defined for component null
2025-01-17 16:15:41,018 [WARN] ModelIntegratedComponent:63 - No mode defined for component null
2025-01-17 16:15:41,018 [WARN] ModelIntegratedComponent:63 - No mode defined for component null
2025-01-17 16:15:41,018 [WARN] ModelIntegratedComponent:63 - No mode defined for component null
2025-01-17 16:15:41,018 [WARN] ModelIntegratedComponent:63 - No mode defined for component null
2025-01-17 16:15:41,018 [WARN] ModelIntegratedComponent:63 - No mode defined for component null
2025-01-17 16:15:41,018 [WARN] ModelIntegratedComponent:63 - No mode defined for component null
2025-01-17 16:15:41,018 [WARN] ModelIntegratedComponent:63 - No mode defined for component null
2025-01-17 16:15:41,018 [WARN] ModelIntegratedComponent:63 - No mode defined for component null
2025-01-17 16:15:41,018 [WARN] ModelIntegratedComponent:63 - No mode defined for component null
2025-01-17 16:15:41,018 [WARN] ModelIntegratedComponent:63 - No mode defined for component null
2025-01-17 16:15:41,018 [WARN] ModelIntegratedComponent:63 - No mode defined for component null
2025-01-17 16:15:41,018 [WARN] ModelIntegratedComponent:63 - No mode defined for component null
2025-01-17 16:15:41,055 [WARN] ModelIntegratedComponent:182 - Modes not found for component STMicroelectronics:USB_DEVICE:1.0.0:STMicroelectronics:USB::USB Device:Audio HS::1.0:USB_DEVICE_1_0_RESTRICTED_HS
2025-01-17 16:15:41,055 [WARN] ModelIntegratedComponent:188 - Modes not found for component STMicroelectronics:USB_DEVICE:1.0.0:STMicroelectronics:USB::USB Device:Audio HS::1.0:USB_DEVICE_1_0_RESTRICTED_HS
2025-01-17 16:15:41,055 [WARN] ModelIntegratedComponent:182 - Modes not found for component STMicroelectronics:USB_DEVICE:1.0.0:STMicroelectronics:USB::USB Device:CDC HS::1.0:USB_DEVICE_1_0_RESTRICTED_HS
2025-01-17 16:15:41,055 [WARN] ModelIntegratedComponent:188 - Modes not found for component STMicroelectronics:USB_DEVICE:1.0.0:STMicroelectronics:USB::USB Device:CDC HS::1.0:USB_DEVICE_1_0_RESTRICTED_HS
2025-01-17 16:15:41,055 [WARN] ModelIntegratedComponent:182 - Modes not found for component STMicroelectronics:USB_DEVICE:1.0.0:STMicroelectronics:USB::USB Device:DFU HS::1.0:USB_DEVICE_1_0_RESTRICTED_HS
2025-01-17 16:15:41,055 [WARN] ModelIntegratedComponent:188 - Modes not found for component STMicroelectronics:USB_DEVICE:1.0.0:STMicroelectronics:USB::USB Device:DFU HS::1.0:USB_DEVICE_1_0_RESTRICTED_HS
2025-01-17 16:15:41,055 [WARN] ModelIntegratedComponent:182 - Modes not found for component STMicroelectronics:USB_DEVICE:1.0.0:STMicroelectronics:USB::USB Device:HID HS::1.0:USB_DEVICE_1_0_RESTRICTED_HS
2025-01-17 16:15:41,055 [WARN] ModelIntegratedComponent:188 - Modes not found for component STMicroelectronics:USB_DEVICE:1.0.0:STMicroelectronics:USB::USB Device:HID HS::1.0:USB_DEVICE_1_0_RESTRICTED_HS
2025-01-17 16:15:41,055 [WARN] ModelIntegratedComponent:182 - Modes not found for component STMicroelectronics:USB_DEVICE:1.0.0:STMicroelectronics:USB::USB Device:Custom HID HS::1.0:USB_DEVICE_1_0_RESTRICTED_HS
2025-01-17 16:15:41,055 [WARN] ModelIntegratedComponent:188 - Modes not found for component STMicroelectronics:USB_DEVICE:1.0.0:STMicroelectronics:USB::USB Device:Custom HID HS::1.0:USB_DEVICE_1_0_RESTRICTED_HS
2025-01-17 16:15:41,055 [WARN] ModelIntegratedComponent:182 - Modes not found for component STMicroelectronics:USB_DEVICE:1.0.0:STMicroelectronics:USB::USB Device:MSC HS::1.0:USB_DEVICE_1_0_RESTRICTED_HS
2025-01-17 16:15:41,055 [WARN] ModelIntegratedComponent:188 - Modes not found for component STMicroelectronics:USB_DEVICE:1.0.0:STMicroelectronics:USB::USB Device:MSC HS::1.0:USB_DEVICE_1_0_RESTRICTED_HS
2025-01-17 16:15:41,060 [INFO] ThirdPartyModel:298 - Start build external matchings
2025-01-17 16:15:41,453 [INFO] ThirdPartyModel:316 - End build external matchings
2025-01-17 16:15:41,457 [INFO] ImportTextPane:194 - (OptionalMessage_ERROR) IP (RCC) : Parameter (48MHZClocksFreq_Value) has invalid value (84000000)
2025-01-17 16:15:41,458 [INFO] ImportTextPane:194 - (OptionalMessage_ERROR) IP (RCC) : Parameter (FLatency) has Id (AdvancedSettings) currently not set
2025-01-17 16:15:41,458 [INFO] ImportTextPane:194 - (OptionalMessage_ERROR) IP (RCC) : Parameter (RTCHSEDivFreq_Value) has invalid value (4000000)
2025-01-17 16:15:41,571 [INFO] UtilMem:75 - End LoadConfig() Used Memory: 956055488 Bytes (1073741824)
2025-01-17 16:15:41,595 [INFO] MicroXplorer:468 - Change Database Path : 
2025-01-17 16:15:41,595 [INFO] MicroXplorer:498 - Change Database Version : DB.6.0.100
2025-01-17 16:15:41,595 [WARN] ThirdParty:833 - waiting for thirdparty lock release [change project]
2025-01-17 16:15:41,595 [INFO] ThirdParty:835 - entering critical section [change project]
2025-01-17 16:15:41,595 [INFO] ThirdParty:1030 - CMSIS Pack Vendor :STMicroelectronics USBPD 4.1
2025-01-17 16:15:41,595 [INFO] ThirdParty:1030 - CMSIS Pack Vendor :STMicroelectronics X-CUBE-AZRTOS-H7 3.3.0
2025-01-17 16:15:41,595 [INFO] ThirdParty:1030 - CMSIS Pack Vendor :STMicroelectronics X-CUBE-NFC9 1.0.0
2025-01-17 16:15:41,595 [INFO] ThirdParty:1030 - CMSIS Pack Vendor :STMicroelectronics USB_HOST 2.0.0
2025-01-17 16:15:41,595 [INFO] ThirdParty:1030 - CMSIS Pack Vendor :STMicroelectronics FP-SNS-MOTENVWB1 1.4.0
2025-01-17 16:15:41,595 [INFO] ThirdParty:1030 - CMSIS Pack Vendor :STMicroelectronics X-CUBE-AZRTOS-F4 1.1.0
2025-01-17 16:15:41,595 [INFO] ThirdParty:1030 - CMSIS Pack Vendor :STMicroelectronics LIBJPEG 8.0.0
2025-01-17 16:15:41,595 [INFO] ThirdParty:1030 - CMSIS Pack Vendor :STMicroelectronics FP-ATR-ASTRA1 2.0.1
2025-01-17 16:15:41,595 [INFO] ThirdParty:1030 - CMSIS Pack Vendor :STMicroelectronics X-CUBE-SMBUS 2.1.0
2025-01-17 16:15:41,595 [INFO] ThirdParty:1030 - CMSIS Pack Vendor :STMicroelectronics X-CUBE-WB05N 1.1.0
2025-01-17 16:15:41,595 [INFO] ThirdParty:1030 - CMSIS Pack Vendor :STMicroelectronics USB_DEVICE 3.0.0
2025-01-17 16:15:41,595 [INFO] ThirdParty:1030 - CMSIS Pack Vendor :STMicroelectronics X-CUBE-TCPP 4.1.0
2025-01-17 16:15:41,595 [INFO] ThirdParty:1030 - CMSIS Pack Vendor :STMicroelectronics X-CUBE-ISPU 2.1.0
2025-01-17 16:15:41,595 [INFO] ThirdParty:1030 - CMSIS Pack Vendor :STMicroelectronics X-CUBE-FREERTOS 1.2.0
2025-01-17 16:15:41,595 [INFO] ThirdParty:1030 - CMSIS Pack Vendor :STMicroelectronics X-CUBE-IPS 3.0.0
2025-01-17 16:15:41,595 [INFO] ThirdParty:1030 - CMSIS Pack Vendor :STMicroelectronics X-CUBE-AZRTOS-WB 2.0.0
2025-01-17 16:15:41,595 [INFO] ThirdParty:1030 - CMSIS Pack Vendor :STMicroelectronics X-CUBE-GNSS1 7.0.0
2025-01-17 16:15:41,595 [INFO] ThirdParty:1030 - CMSIS Pack Vendor :STMicroelectronics X-CUBE-GNSS1 7.0.1
2025-01-17 16:15:41,595 [INFO] ThirdParty:1030 - CMSIS Pack Vendor :STMicroelectronics X-CUBE-AZRTOS-F7 1.1.0
2025-01-17 16:15:41,595 [INFO] ThirdParty:1030 - CMSIS Pack Vendor :STMicroelectronics X-CUBE-AZRTOS-L5 2.0.0
2025-01-17 16:15:41,595 [INFO] ThirdParty:1030 - CMSIS Pack Vendor :STMicroelectronics USB_DEVICE 2.0.0
2025-01-17 16:15:41,595 [INFO] ThirdParty:1030 - CMSIS Pack Vendor :STMicroelectronics X-CUBE-NFC6 3.1.0
2025-01-17 16:15:41,595 [INFO] ThirdParty:1030 - CMSIS Pack Vendor :STMicroelectronics FP-SNS-STBOX1 2.0.0
2025-01-17 16:15:41,595 [INFO] ThirdParty:1030 - CMSIS Pack Vendor :STMicroelectronics X-CUBE-MEMS1 11.0.0
2025-01-17 16:15:41,595 [INFO] ThirdParty:1030 - CMSIS Pack Vendor :STMicroelectronics FreeRTOS 0.0.1
2025-01-17 16:15:41,595 [INFO] ThirdParty:1030 - CMSIS Pack Vendor :STMicroelectronics X-CUBE-AZRTOS-G0 1.1.0
2025-01-17 16:15:41,595 [INFO] ThirdParty:1030 - CMSIS Pack Vendor :STMicroelectronics X-CUBE-SAFEA1 1.2.2
2025-01-17 16:15:41,595 [INFO] ThirdParty:1030 - CMSIS Pack Vendor :STMicroelectronics X-CUBE-NFC4 3.0.0
2025-01-17 16:15:41,595 [INFO] ThirdParty:1030 - CMSIS Pack Vendor :STMicroelectronics X-CUBE-DPower 1.2.0
2025-01-17 16:15:41,595 [INFO] ThirdParty:1030 - CMSIS Pack Vendor :STMicroelectronics X-CUBE-SUBG2 5.0.0
2025-01-17 16:15:41,595 [INFO] ThirdParty:1030 - CMSIS Pack Vendor :STMicroelectronics STM32_WPAN 1.0.0
2025-01-17 16:15:41,595 [INFO] ThirdParty:1030 - CMSIS Pack Vendor :EmbeddedOffice I-CUBE-FS-RTOS 1.0.1
2025-01-17 16:15:41,595 [INFO] ThirdParty:1030 - CMSIS Pack Vendor :STMicroelectronics lwIP 2.0.3
2025-01-17 16:15:41,595 [INFO] ThirdParty:1030 - CMSIS Pack Vendor :STMicroelectronics FP-SNS-FLIGHT1 5.0.2
2025-01-17 16:15:41,595 [INFO] ThirdParty:1030 - CMSIS Pack Vendor :Cesanta I-CUBE-Mongoose 7.13.0
2025-01-17 16:15:41,595 [INFO] ThirdParty:1030 - CMSIS Pack Vendor :STMicroelectronics USB_HOST 1.0.0
2025-01-17 16:15:41,595 [INFO] ThirdParty:1030 - CMSIS Pack Vendor :STMicroelectronics X-CUBE-AZRTOS-G4 2.0.0
2025-01-17 16:15:41,595 [INFO] ThirdParty:1030 - CMSIS Pack Vendor :STMicroelectronics PDM2PCM 3.1.0
2025-01-17 16:15:41,595 [INFO] ThirdParty:1030 - CMSIS Pack Vendor :STMicroelectronics PDM2PCM 3.3.0
2025-01-17 16:15:41,595 [INFO] ThirdParty:1030 - CMSIS Pack Vendor :STMicroelectronics X-CUBE-DISPLAY 3.0.0
2025-01-17 16:15:41,595 [INFO] ThirdParty:1030 - CMSIS Pack Vendor :RealThread X-CUBE-RT-Thread_Nano 4.1.1
2025-01-17 16:15:41,595 [INFO] ThirdParty:1030 - CMSIS Pack Vendor :STMicroelectronics X-CUBE-BLE1 7.0.0
2025-01-17 16:15:41,595 [INFO] ThirdParty:1030 - CMSIS Pack Vendor :STMicroelectronics FP-ATR-SIGFOX1 3.2.0
2025-01-17 16:15:41,595 [INFO] ThirdParty:1030 - CMSIS Pack Vendor :STMicroelectronics X-CUBE-NFC10 1.0.0
2025-01-17 16:15:41,595 [INFO] ThirdParty:1030 - CMSIS Pack Vendor :quantropi X-CUBE-qispace-sdk-base 1.9.3
2025-01-17 16:15:41,595 [INFO] ThirdParty:1030 - CMSIS Pack Vendor :STMicroelectronics X-CUBE-BLEMGR 4.0.0
2025-01-17 16:15:41,595 [INFO] ThirdParty:1030 - CMSIS Pack Vendor :STMicroelectronics X-CUBE-EEPRMA1 5.1.0
2025-01-17 16:15:41,595 [INFO] ThirdParty:1030 - CMSIS Pack Vendor :STMicroelectronics HAL Drivers 0.0.0
2025-01-17 16:15:41,595 [INFO] ThirdParty:1030 - CMSIS Pack Vendor :STMicroelectronics MBEDTLS 2.16.2
2025-01-17 16:15:41,595 [INFO] ThirdParty:1030 - CMSIS Pack Vendor :STMicroelectronics X-CUBE-ALS 1.0.2
2025-01-17 16:15:41,595 [INFO] ThirdParty:1030 - CMSIS Pack Vendor :emotas I-CUBE-CANOPEN 1.3.0
2025-01-17 16:15:41,595 [INFO] ThirdParty:1030 - CMSIS Pack Vendor :STMicroelectronics X-CUBE-FREERTOS 1.3.0
2025-01-17 16:15:41,595 [INFO] ThirdParty:1030 - CMSIS Pack Vendor :wolfSSL I-CUBE-wolfSSL 5.7.4
2025-01-17 16:15:41,595 [INFO] ThirdParty:1030 - CMSIS Pack Vendor :STMicroelectronics X-CUBE-NFC7 1.0.1
2025-01-17 16:15:41,595 [INFO] ThirdParty:1030 - CMSIS Pack Vendor :STMicroelectronics MBEDTLS 2.14.1
2025-01-17 16:15:41,595 [INFO] ThirdParty:1030 - CMSIS Pack Vendor :ITTIA_DB I-CUBE-ITTIADB 8.9.0
2025-01-17 16:15:41,595 [INFO] ThirdParty:1030 - CMSIS Pack Vendor :STMicroelectronics X-CUBE-TOUCHGFX 4.24.2
2025-01-17 16:15:41,595 [INFO] ThirdParty:1030 - CMSIS Pack Vendor :STMicroelectronics X-CUBE-TOUCHGFX 4.24.1
2025-01-17 16:15:41,595 [INFO] ThirdParty:1030 - CMSIS Pack Vendor :wolfSSL I-CUBE-wolfTPM 3.4.0
2025-01-17 16:15:41,595 [INFO] ThirdParty:1030 - CMSIS Pack Vendor :portGmbH I-Cube-SoM-uGOAL 1.1.0
2025-01-17 16:15:41,595 [INFO] ThirdParty:1030 - CMSIS Pack Vendor :STMicroelectronics X-CUBE-BLEMGR 3.1.0
2025-01-17 16:15:41,595 [INFO] ThirdParty:1030 - CMSIS Pack Vendor :STMicroelectronics ThreadX 1.0.0
2025-01-17 16:15:41,595 [INFO] ThirdParty:1030 - CMSIS Pack Vendor :STMicroelectronics FP-SNS-SMARTAG2 1.2.0
2025-01-17 16:15:41,595 [INFO] ThirdParty:1030 - CMSIS Pack Vendor :STMicroelectronics X-CUBE-MEMS1 11.1.0
2025-01-17 16:15:41,596 [INFO] ThirdParty:1030 - CMSIS Pack Vendor :STMicroelectronics X-CUBE-AZRTOS-WL 2.0.0
2025-01-17 16:15:41,596 [INFO] ThirdParty:1030 - CMSIS Pack Vendor :SEGGER I-CUBE-embOS 1.3.1
2025-01-17 16:15:41,596 [INFO] ThirdParty:1030 - CMSIS Pack Vendor :STMicroelectronics X-CUBE-ALGOBUILD 1.4.0
2025-01-17 16:15:41,596 [INFO] ThirdParty:1030 - CMSIS Pack Vendor :STMicroelectronics FP-SNS-MOTENV1 5.0.0
2025-01-17 16:15:41,596 [INFO] ThirdParty:1030 - CMSIS Pack Vendor :STMicroelectronics USB_DEVICE 1.0.0
2025-01-17 16:15:41,596 [INFO] ThirdParty:1030 - CMSIS Pack Vendor :STMicroelectronics X-CUBE-AZRTOS-H7RS 1.0.0
2025-01-17 16:15:41,596 [INFO] ThirdParty:1030 - CMSIS Pack Vendor :wolfSSL I-CUBE-wolfMQTT 1.19.0
2025-01-17 16:15:41,596 [INFO] ThirdParty:1030 - CMSIS Pack Vendor :STMicroelectronics X-CUBE-AZRTOS-L4 2.0.0
2025-01-17 16:15:41,596 [INFO] ThirdParty:1030 - CMSIS Pack Vendor :STMicroelectronics ThreadX 0.0.2
2025-01-17 16:15:41,596 [INFO] ThirdParty:1030 - CMSIS Pack Vendor :WES I-CUBE-Cesium 1.3.0
2025-01-17 16:15:41,596 [INFO] ThirdParty:1030 - CMSIS Pack Vendor :STMicroelectronics lwIP 2.1.2
2025-01-17 16:15:41,596 [INFO] ThirdParty:1030 - CMSIS Pack Vendor :STMicroelectronics X-CUBE-SFXS2LP1 4.0.0
2025-01-17 16:15:41,596 [INFO] ThirdParty:1030 - CMSIS Pack Vendor :STMicroelectronics X-CUBE-BLE2 3.3.0
2025-01-17 16:15:41,596 [INFO] ThirdParty:1030 - CMSIS Pack Vendor :STMicroelectronics X-CUBE-TOF1 3.4.2
2025-01-17 16:15:41,596 [INFO] ThirdParty:1030 - CMSIS Pack Vendor :STMicroelectronics X-CUBE-AI 9.1.0
2025-01-17 16:15:41,596 [INFO] ThirdParty:1030 - CMSIS Pack Vendor :Infineon AIROC-Wi-Fi-Bluetooth-STM32 1.6.1
2025-01-17 16:15:41,596 [INFO] ThirdParty:1030 - CMSIS Pack Vendor :STMicroelectronics PDM2PCM 3.2.0
2025-01-17 16:15:41,596 [INFO] ThirdParty:1030 - CMSIS Pack Vendor :wolfSSL I-CUBE-wolfSSH 1.4.17
2025-01-17 16:15:41,596 [INFO] ThirdParty:841 - exiting critical section [change project]
2025-01-17 16:15:41,652 [INFO] PinOutPanel:1499 - setPackage(No Configuration,No Configuration)
2025-01-17 16:15:41,652 [INFO] PinOutPanel:1499 - setPackage(STM32F411RETx,LQFP64)
2025-01-17 16:15:41,719 [INFO] UtilMem:75 - Before build in PCC Used Memory: 961866352 Bytes (1073741824)
2025-01-17 16:15:41,772 [INFO] UtilMem:75 - After build in PCC Used Memory: 951563456 Bytes (1073741824)
2025-01-17 16:15:41,778 [INFO] IPUIPlugin:80 - create IPUIPlugin
2025-01-17 16:15:41,778 [INFO] IPUIPlugin:80 - create IPUIPlugin
2025-01-17 16:15:41,778 [INFO] IPUIPlugin:80 - create IPUIPlugin
2025-01-17 16:15:41,778 [INFO] IPUIPlugin:80 - create IPUIPlugin
2025-01-17 16:15:41,778 [INFO] IPUIPlugin:80 - create IPUIPlugin
2025-01-17 16:15:41,778 [INFO] IPUIPlugin:80 - create IPUIPlugin
2025-01-17 16:15:41,778 [INFO] IPUIPlugin:80 - create IPUIPlugin
2025-01-17 16:15:41,778 [INFO] IPUIPlugin:80 - create IPUIPlugin
2025-01-17 16:15:41,778 [INFO] IPUIPlugin:80 - create IPUIPlugin
2025-01-17 16:15:41,779 [INFO] IPUIPlugin:80 - create IPUIPlugin
2025-01-17 16:15:41,779 [INFO] IPUIPlugin:80 - create IPUIPlugin
2025-01-17 16:15:41,779 [INFO] IPUIPlugin:80 - create IPUIPlugin
2025-01-17 16:15:41,779 [INFO] IPUIPlugin:80 - create IPUIPlugin
2025-01-17 16:15:41,779 [INFO] IPUIPlugin:80 - create IPUIPlugin
2025-01-17 16:15:41,779 [INFO] IPUIPlugin:80 - create IPUIPlugin
2025-01-17 16:15:41,779 [INFO] IPUIPlugin:80 - create IPUIPlugin
2025-01-17 16:15:41,779 [INFO] IPUIPlugin:80 - create IPUIPlugin
2025-01-17 16:15:41,779 [INFO] IPUIPlugin:80 - create IPUIPlugin
2025-01-17 16:15:41,779 [INFO] IPUIPlugin:80 - create IPUIPlugin
2025-01-17 16:15:41,779 [INFO] IPUIPlugin:80 - create IPUIPlugin
2025-01-17 16:15:41,779 [INFO] IPUIPlugin:80 - create IPUIPlugin
2025-01-17 16:15:41,779 [INFO] IPUIPlugin:80 - create IPUIPlugin
2025-01-17 16:15:41,779 [INFO] IPUIPlugin:80 - create IPUIPlugin
2025-01-17 16:15:41,779 [INFO] IPUIPlugin:80 - create IPUIPlugin
2025-01-17 16:15:41,779 [INFO] IPUIPlugin:80 - create IPUIPlugin
2025-01-17 16:15:41,779 [INFO] IPUIPlugin:80 - create IPUIPlugin
2025-01-17 16:15:41,779 [INFO] IPUIPlugin:80 - create IPUIPlugin
2025-01-17 16:15:41,779 [INFO] IPUIPlugin:80 - create IPUIPlugin
2025-01-17 16:15:41,779 [INFO] IPUIPlugin:80 - create IPUIPlugin
2025-01-17 16:15:41,779 [INFO] IPUIPlugin:80 - create IPUIPlugin
2025-01-17 16:15:41,780 [INFO] IPUIPlugin:80 - create IPUIPlugin
2025-01-17 16:15:41,780 [INFO] IPUIPlugin:80 - create IPUIPlugin
2025-01-17 16:15:41,780 [INFO] IPUIPlugin:80 - create IPUIPlugin
2025-01-17 16:15:41,780 [INFO] IPUIPlugin:80 - create IPUIPlugin
2025-01-17 16:15:41,780 [INFO] IPUIPlugin:80 - create IPUIPlugin
2025-01-17 16:15:41,780 [INFO] IPUIPlugin:80 - create IPUIPlugin
2025-01-17 16:15:41,780 [INFO] IPUIPlugin:80 - create IPUIPlugin
2025-01-17 16:15:41,780 [INFO] IPUIPlugin:80 - create IPUIPlugin
2025-01-17 16:15:41,780 [INFO] IPUIPlugin:80 - create IPUIPlugin
2025-01-17 16:15:41,780 [INFO] IPUIPlugin:80 - create IPUIPlugin
2025-01-17 16:15:41,780 [INFO] IPUIPlugin:80 - create IPUIPlugin
2025-01-17 16:15:41,783 [INFO] IPUIPlugin:80 - create IPUIPlugin
2025-01-17 16:15:41,783 [INFO] IPUIPlugin:80 - create IPUIPlugin
2025-01-17 16:15:41,785 [INFO] ApiDbMcu:508 - Load IP Config File for PDM2PCM
2025-01-17 16:15:41,801 [INFO] CADModel:165 - CPN selected for project levelSTM32F411RET6
2025-01-17 16:15:41,801 [INFO] CADModel:114 - Register for checkConnection events
2025-01-17 16:15:41,847 [INFO] OpenFileManager:343 - Restore cursor
2025-01-17 16:15:42,028 [INFO] UtilMem:75 - End SaveConfig() Used Memory: 945969280 Bytes (1073741824)
2025-01-17 16:15:42,050 [INFO] UtilMem:75 - End SaveConfig() Used Memory: 961860640 Bytes (1073741824)
2025-01-17 16:15:42,131 [INFO] BlockDiagram:2759 - set Specific Code input for plugin: NVIC
2025-01-17 16:15:42,131 [INFO] BlockDiagram:2759 - set Specific Code input for plugin: USART
2025-01-17 16:15:42,131 [INFO] BlockDiagram:2759 - set Specific Code input for plugin: SYS
2025-01-17 16:15:42,131 [INFO] BlockDiagram:2759 - set Specific Code input for plugin: GPIO
2025-01-17 16:15:42,131 [INFO] BlockDiagram:2759 - set Specific Code input for plugin: RCC
2025-01-17 16:15:42,132 [INFO] CodeGenerator:807 - code generatio: config db path: C:\ST\STM32CubeIDE_1.14.1\STM32CubeIDE\plugins\com.st.stm32cube.common.mx_6.10.0.202311202037\\db\
2025-01-17 16:15:42,212 [INFO] CodeEngine:255 - oldGeneratedFile, C:\Users\user\source\repos\STM32\TEST_008_Step\MXTmpFiles\license.tmp_save
2025-01-17 16:15:42,256 [INFO] CodeEngine:279 - Generated code: C:\Users\user\source\repos\STM32\TEST_008_Step\MXTmpFiles\license.tmp
2025-01-17 16:15:42,268 [INFO] CodeEngine:255 - oldGeneratedFile, C:\Users\user\source\repos\STM32\TEST_008_Step\MXTmpFiles\gpio.tmp_save
2025-01-17 16:15:42,320 [INFO] CodeEngine:279 - Generated code: C:\Users\user\source\repos\STM32\TEST_008_Step\MXTmpFiles\gpio.tmp
2025-01-17 16:15:42,343 [INFO] CodeEngine:255 - oldGeneratedFile, C:\Users\user\source\repos\STM32\TEST_008_Step\Core\Src\stm32f4xx_it.c_save
2025-01-17 16:15:42,413 [INFO] CodeEngine:279 - Generated code: C:\Users\user\source\repos\STM32\TEST_008_Step\Core\Src\stm32f4xx_it.c
2025-01-17 16:15:42,415 [INFO] CodeEngine:255 - oldGeneratedFile, C:\Users\user\source\repos\STM32\TEST_008_Step\Core\Inc\stm32f4xx_it.h_save
2025-01-17 16:15:42,442 [INFO] CodeEngine:279 - Generated code: C:\Users\user\source\repos\STM32\TEST_008_Step\Core\Inc\stm32f4xx_it.h
2025-01-17 16:15:42,448 [INFO] CodeEngine:255 - oldGeneratedFile, C:\Users\user\source\repos\STM32\TEST_008_Step\Core\Src\stm32f4xx_hal_msp.c_save
2025-01-17 16:15:42,490 [INFO] CodeEngine:279 - Generated code: C:\Users\user\source\repos\STM32\TEST_008_Step\Core\Src\stm32f4xx_hal_msp.c
2025-01-17 16:15:42,494 [INFO] CodeEngine:255 - oldGeneratedFile, C:\Users\user\source\repos\STM32\TEST_008_Step\MXTmpFiles\system.tmp_save
2025-01-17 16:15:42,532 [INFO] CodeEngine:279 - Generated code: C:\Users\user\source\repos\STM32\TEST_008_Step\MXTmpFiles\system.tmp
2025-01-17 16:15:42,541 [INFO] CodeEngine:311 - oldGeneratedFile, C:\Users\user\source\repos\STM32\TEST_008_Step\Core\Inc\stm32f4xx_hal_conf.h_save
2025-01-17 16:15:42,578 [INFO] CodeEngine:335 - Generated code: C:\Users\user\source\repos\STM32\TEST_008_Step\Core\Inc\stm32f4xx_hal_conf.h
2025-01-17 16:15:42,592 [INFO] CodeEngine:255 - oldGeneratedFile, C:\Users\user\source\repos\STM32\TEST_008_Step\Core\Inc\main.h_save
2025-01-17 16:15:42,633 [INFO] CodeEngine:279 - Generated code: C:\Users\user\source\repos\STM32\TEST_008_Step\Core\Inc\main.h
2025-01-17 16:15:42,636 [INFO] CodeEngine:255 - oldGeneratedFile, C:\Users\user\source\repos\STM32\TEST_008_Step\Core\Src\main.c_save
2025-01-17 16:15:42,695 [INFO] CodeEngine:279 - Generated code: C:\Users\user\source\repos\STM32\TEST_008_Step\Core\Src\main.c
2025-01-17 16:15:43,205 [INFO] ProjectBuilder:3076 - Time for Copy HAL[1] : 135mS.
2025-01-17 16:15:43,209 [INFO] ProjectBuilder:4485 - Project Generator version: 4.2.0-B44
2025-01-17 16:15:43,308 [INFO] ConfigFileManager:1495 - The Die is : DIE431
2025-01-17 16:15:43,310 [INFO] ApiDbMcu:508 - Load IP Config File for FATFS
2025-01-17 16:15:43,311 [INFO] ApiDbMcu:508 - Load IP Config File for FREERTOS
2025-01-17 16:15:43,312 [INFO] ApiDbMcu:508 - Load IP Config File for LIBJPEG
2025-01-17 16:15:43,313 [INFO] ApiDbMcu:508 - Load IP Config File for MBEDTLS
2025-01-17 16:15:43,315 [INFO] ApiDbMcu:508 - Load IP Config File for USB_DEVICE
2025-01-17 16:15:43,317 [INFO] ApiDbMcu:508 - Load IP Config File for USB_HOST
2025-01-17 16:15:44,407 [INFO] ProjectBuilder:4747 - Time for Generating toolchain IDE Files: 1198mS.
2025-01-17 16:15:44,407 [INFO] ProjectBuilder:2947 - Time for Copy CMSIS : 0mS.
2025-01-17 16:15:44,410 [INFO] ProjectBuilder:2947 - Time for Copy CMSIS : 0mS.
2025-01-17 16:15:45,217 [INFO] McuFinderGlobals:76 - Set McuFinderConnectedMode to true
2025-01-17 16:15:45,220 [INFO] ApiDb:448 - Save user favorites file C:\Users\user/.stm32cubeide/favorites.mcus.txt: 0 item(s)
2025-01-17 16:15:45,220 [INFO] ApiDb:452 - User favorites MCUs=[]
2025-01-17 16:15:45,221 [INFO] ApiDb:448 - Save user favorites file C:\Users\user/.stm32cubeide/favorites.boards.txt: 1 item(s)
2025-01-17 16:15:45,221 [INFO] ApiDb:452 - User favorites Boards=[NUCLEO-F411RE]
2025-01-17 16:26:13,353 [INFO] UtilMem:75 - End SaveConfig() Used Memory: 883367272 Bytes (1073741824)
2025-01-17 16:26:14,422 [INFO] UtilMem:75 - End SaveConfig() Used Memory: 859901904 Bytes (1073741824)
2025-01-17 16:26:14,504 [INFO] BlockDiagram:2759 - set Specific Code input for plugin: NVIC
2025-01-17 16:26:14,504 [INFO] BlockDiagram:2759 - set Specific Code input for plugin: USART
2025-01-17 16:26:14,504 [INFO] BlockDiagram:2759 - set Specific Code input for plugin: SYS
2025-01-17 16:26:14,504 [INFO] BlockDiagram:2759 - set Specific Code input for plugin: GPIO
2025-01-17 16:26:14,504 [INFO] BlockDiagram:2759 - set Specific Code input for plugin: RCC
2025-01-17 16:26:14,505 [INFO] CodeGenerator:807 - code generatio: config db path: C:\ST\STM32CubeIDE_1.14.1\STM32CubeIDE\plugins\com.st.stm32cube.common.mx_6.10.0.202311202037\\db\
2025-01-17 16:26:14,582 [INFO] CodeEngine:255 - oldGeneratedFile, C:\Users\user\source\repos\STM32\TEST_008_Step\MXTmpFiles\license.tmp_save
2025-01-17 16:26:14,661 [INFO] CodeEngine:279 - Generated code: C:\Users\user\source\repos\STM32\TEST_008_Step\MXTmpFiles\license.tmp
2025-01-17 16:26:14,672 [INFO] CodeEngine:255 - oldGeneratedFile, C:\Users\user\source\repos\STM32\TEST_008_Step\MXTmpFiles\gpio.tmp_save
2025-01-17 16:26:14,708 [INFO] CodeEngine:279 - Generated code: C:\Users\user\source\repos\STM32\TEST_008_Step\MXTmpFiles\gpio.tmp
2025-01-17 16:26:14,733 [INFO] CodeEngine:255 - oldGeneratedFile, C:\Users\user\source\repos\STM32\TEST_008_Step\Core\Src\stm32f4xx_it.c_save
2025-01-17 16:26:14,806 [INFO] CodeEngine:279 - Generated code: C:\Users\user\source\repos\STM32\TEST_008_Step\Core\Src\stm32f4xx_it.c
2025-01-17 16:26:14,811 [INFO] CodeEngine:255 - oldGeneratedFile, C:\Users\user\source\repos\STM32\TEST_008_Step\Core\Inc\stm32f4xx_it.h_save
2025-01-17 16:26:14,849 [INFO] CodeEngine:279 - Generated code: C:\Users\user\source\repos\STM32\TEST_008_Step\Core\Inc\stm32f4xx_it.h
2025-01-17 16:26:14,858 [INFO] CodeEngine:255 - oldGeneratedFile, C:\Users\user\source\repos\STM32\TEST_008_Step\Core\Src\stm32f4xx_hal_msp.c_save
2025-01-17 16:26:14,907 [INFO] CodeEngine:279 - Generated code: C:\Users\user\source\repos\STM32\TEST_008_Step\Core\Src\stm32f4xx_hal_msp.c
2025-01-17 16:26:14,910 [INFO] CodeEngine:255 - oldGeneratedFile, C:\Users\user\source\repos\STM32\TEST_008_Step\MXTmpFiles\system.tmp_save
2025-01-17 16:26:14,958 [INFO] CodeEngine:279 - Generated code: C:\Users\user\source\repos\STM32\TEST_008_Step\MXTmpFiles\system.tmp
2025-01-17 16:26:14,966 [INFO] CodeEngine:311 - oldGeneratedFile, C:\Users\user\source\repos\STM32\TEST_008_Step\Core\Inc\stm32f4xx_hal_conf.h_save
2025-01-17 16:26:15,002 [INFO] CodeEngine:335 - Generated code: C:\Users\user\source\repos\STM32\TEST_008_Step\Core\Inc\stm32f4xx_hal_conf.h
2025-01-17 16:26:15,015 [INFO] CodeEngine:255 - oldGeneratedFile, C:\Users\user\source\repos\STM32\TEST_008_Step\Core\Inc\main.h_save
2025-01-17 16:26:15,055 [INFO] CodeEngine:279 - Generated code: C:\Users\user\source\repos\STM32\TEST_008_Step\Core\Inc\main.h
2025-01-17 16:26:15,060 [INFO] CodeEngine:255 - oldGeneratedFile, C:\Users\user\source\repos\STM32\TEST_008_Step\Core\Src\main.c_save
2025-01-17 16:26:15,102 [INFO] CodeEngine:279 - Generated code: C:\Users\user\source\repos\STM32\TEST_008_Step\Core\Src\main.c
2025-01-17 16:26:15,439 [INFO] ProjectBuilder:3076 - Time for Copy HAL[1] : 148mS.
2025-01-17 16:26:15,441 [INFO] ProjectBuilder:4485 - Project Generator version: 4.2.0-B44
2025-01-17 16:26:15,743 [INFO] ConfigFileManager:1495 - The Die is : DIE431
2025-01-17 16:26:16,506 [INFO] ProjectBuilder:4747 - Time for Generating toolchain IDE Files: 1065mS.
2025-01-17 16:26:16,507 [INFO] ProjectBuilder:2947 - Time for Copy CMSIS : 1mS.
2025-01-17 16:26:16,511 [INFO] ProjectBuilder:2947 - Time for Copy CMSIS : 0mS.
2025-01-17 16:37:23,225 [INFO] UtilMem:75 - End SaveConfig() Used Memory: 957337328 Bytes (1073741824)
2025-01-17 16:37:24,436 [INFO] UtilMem:75 - End SaveConfig() Used Memory: 872502104 Bytes (1073741824)
2025-01-17 16:37:24,528 [INFO] BlockDiagram:2759 - set Specific Code input for plugin: NVIC
2025-01-17 16:37:24,528 [INFO] BlockDiagram:2759 - set Specific Code input for plugin: USART
2025-01-17 16:37:24,528 [INFO] BlockDiagram:2759 - set Specific Code input for plugin: SYS
2025-01-17 16:37:24,528 [INFO] BlockDiagram:2759 - set Specific Code input for plugin: GPIO
2025-01-17 16:37:24,528 [INFO] BlockDiagram:2759 - set Specific Code input for plugin: RCC
2025-01-17 16:37:24,529 [INFO] CodeGenerator:807 - code generatio: config db path: C:\ST\STM32CubeIDE_1.14.1\STM32CubeIDE\plugins\com.st.stm32cube.common.mx_6.10.0.202311202037\\db\
2025-01-17 16:37:24,629 [INFO] CodeEngine:255 - oldGeneratedFile, C:\Users\user\source\repos\STM32\TEST_008_Step\MXTmpFiles\license.tmp_save
2025-01-17 16:37:24,700 [INFO] CodeEngine:279 - Generated code: C:\Users\user\source\repos\STM32\TEST_008_Step\MXTmpFiles\license.tmp
2025-01-17 16:37:24,711 [INFO] CodeEngine:255 - oldGeneratedFile, C:\Users\user\source\repos\STM32\TEST_008_Step\MXTmpFiles\gpio.tmp_save
2025-01-17 16:37:24,752 [INFO] CodeEngine:279 - Generated code: C:\Users\user\source\repos\STM32\TEST_008_Step\MXTmpFiles\gpio.tmp
2025-01-17 16:37:24,769 [INFO] CodeEngine:255 - oldGeneratedFile, C:\Users\user\source\repos\STM32\TEST_008_Step\Core\Src\stm32f4xx_it.c_save
2025-01-17 16:37:24,835 [INFO] CodeEngine:279 - Generated code: C:\Users\user\source\repos\STM32\TEST_008_Step\Core\Src\stm32f4xx_it.c
2025-01-17 16:37:24,840 [INFO] CodeEngine:255 - oldGeneratedFile, C:\Users\user\source\repos\STM32\TEST_008_Step\Core\Inc\stm32f4xx_it.h_save
2025-01-17 16:37:24,875 [INFO] CodeEngine:279 - Generated code: C:\Users\user\source\repos\STM32\TEST_008_Step\Core\Inc\stm32f4xx_it.h
2025-01-17 16:37:24,884 [INFO] CodeEngine:255 - oldGeneratedFile, C:\Users\user\source\repos\STM32\TEST_008_Step\Core\Src\stm32f4xx_hal_msp.c_save
2025-01-17 16:37:24,942 [INFO] CodeEngine:279 - Generated code: C:\Users\user\source\repos\STM32\TEST_008_Step\Core\Src\stm32f4xx_hal_msp.c
2025-01-17 16:37:24,947 [INFO] CodeEngine:255 - oldGeneratedFile, C:\Users\user\source\repos\STM32\TEST_008_Step\MXTmpFiles\system.tmp_save
2025-01-17 16:37:24,978 [INFO] CodeEngine:279 - Generated code: C:\Users\user\source\repos\STM32\TEST_008_Step\MXTmpFiles\system.tmp
2025-01-17 16:37:25,013 [INFO] CodeEngine:311 - oldGeneratedFile, C:\Users\user\source\repos\STM32\TEST_008_Step\Core\Inc\stm32f4xx_hal_conf.h_save
2025-01-17 16:37:25,047 [INFO] CodeEngine:335 - Generated code: C:\Users\user\source\repos\STM32\TEST_008_Step\Core\Inc\stm32f4xx_hal_conf.h
2025-01-17 16:37:25,068 [INFO] CodeEngine:255 - oldGeneratedFile, C:\Users\user\source\repos\STM32\TEST_008_Step\Core\Inc\main.h_save
2025-01-17 16:37:25,104 [INFO] CodeEngine:279 - Generated code: C:\Users\user\source\repos\STM32\TEST_008_Step\Core\Inc\main.h
2025-01-17 16:37:25,108 [INFO] CodeEngine:255 - oldGeneratedFile, C:\Users\user\source\repos\STM32\TEST_008_Step\Core\Src\main.c_save
2025-01-17 16:37:25,151 [INFO] CodeEngine:279 - Generated code: C:\Users\user\source\repos\STM32\TEST_008_Step\Core\Src\main.c
2025-01-17 16:37:25,484 [INFO] ProjectBuilder:3076 - Time for Copy HAL[1] : 155mS.
2025-01-17 16:37:25,486 [INFO] ProjectBuilder:4485 - Project Generator version: 4.2.0-B44
2025-01-17 16:37:25,608 [INFO] ConfigFileManager:1495 - The Die is : DIE431
2025-01-17 16:37:26,433 [INFO] ProjectBuilder:4747 - Time for Generating toolchain IDE Files: 947mS.
2025-01-17 16:37:26,434 [INFO] ProjectBuilder:2947 - Time for Copy CMSIS : 1mS.
2025-01-17 16:37:26,439 [INFO] ProjectBuilder:2947 - Time for Copy CMSIS : 1mS.
2025-01-17 16:55:03,496 [ERROR] LogOutputStream:75 - [STDERR_REDIRECT] 
