15:22:31 **** Incremental Build of configuration Debug for project TEXT_005_LCD_1602 ****
make -j24 all 
arm-none-eabi-gcc "../Core/Src/main.c" -mcpu=cortex-m4 -std=gnu11 -g3 -DDEBUG -DUSE_HAL_DRIVER -DSTM32F411xE -c -I../Core/Inc -I../Drivers/STM32F4xx_HAL_Driver/Inc -I../Drivers/STM32F4xx_HAL_Driver/Inc/Legacy -I../Drivers/CMSIS/Device/ST/STM32F4xx/Include -I../Drivers/CMSIS/Include -O0 -ffunction-sections -fdata-sections -Wall -fstack-usage -fcyclomatic-complexity -MMD -MP -MF"Core/Src/main.d" -MT"Core/Src/main.o" --specs=nano.specs -mfpu=fpv4-sp-d16 -mfloat-abi=hard -mthumb -o "Core/Src/main.o"
../Core/Src/main.c: In function 'main':
../Core/Src/main.c:96:3: warning: implicit declaration of function 'ProgramStart' [-Wimplicit-function-declaration]
   96 |   ProgramStart("LCD_1602");
      |   ^~~~~~~~~~~~
../Core/Src/main.c:97:3: warning: implicit declaration of function 'i2c_init' [-Wimplicit-function-declaration]
   97 |   i2c_init(&hi2c1);
      |   ^~~~~~~~
../Core/Src/main.c:98:3: warning: implicit declaration of function 'i2c_scan' [-Wimplicit-function-declaration]
   98 |   i2c_scan();
      |   ^~~~~~~~
arm-none-eabi-gcc -o "TEXT_005_LCD_1602.elf" @"objects.list"   -mcpu=cortex-m4 -T"C:\Users\user\source\repos\STM32\TEXT_005_LCD_1602\STM32F411RETX_FLASH.ld" --specs=nosys.specs -Wl,-Map="TEXT_005_LCD_1602.map" -Wl,--gc-sections -static --specs=nano.specs -mfpu=fpv4-sp-d16 -mfloat-abi=hard -mthumb -Wl,--start-group -lc -lm -Wl,--end-group
Finished building target: TEXT_005_LCD_1602.elf
 
arm-none-eabi-size  TEXT_005_LCD_1602.elf 
arm-none-eabi-objdump -h -S TEXT_005_LCD_1602.elf  > "TEXT_005_LCD_1602.list"
   text	   data	    bss	    dec	    hex	filename
  15836	    112	   2064	  18012	   465c	TEXT_005_LCD_1602.elf
Finished building: default.size.stdout
 
Finished building: TEXT_005_LCD_1602.list
 

15:22:32 Build Finished. 0 errors, 3 warnings. (took 589ms)

